<?xml version="1.0" encoding="UTF-8"?>
<robot generator="Robot 4.1.3 (Python 3.9.10 on win32)" generated="20220225 08:43:21.390" rpa="false" schemaversion="2">
<suite id="s1" name="TestSuites" source="C:\Users\jvaisanen\Documents\robotframework\SeleniumLibraryExample\TestSuites">
<suite id="s1-s1" name="TS 002 Product sorter" source="C:\Users\jvaisanen\Documents\robotframework\SeleniumLibraryExample\TestSuites\TS_002_Product_sorter.robot">
<test id="s1-s1-t1" name="Validate Product Sorter at High To Low">
<kw name="Fill Login Information" type="SETUP">
<kw name="Open Browser" library="SeleniumLibrary">
<arg>${LOGIN_PAGE}</arg>
<arg>${DEFAULT_BROWSER}</arg>
<doc>Opens a new browser instance to the optional ``url``.</doc>
<msg timestamp="20220225 08:43:21.606" level="INFO">Opening browser 'firefox' to base url 'https://www.saucedemo.com/'.</msg>
<msg timestamp="20220225 08:43:21.606" level="INFO">Firefox driver log is always forced to to: C:\Users\jvaisanen\Documents\robotframework\SeleniumLibraryExample\pabot_results\1\geckodriver-1.log</msg>
<status status="PASS" starttime="20220225 08:43:21.606" endtime="20220225 08:43:28.846"/>
</kw>
<kw name="Login With Default User" library="LoginPage">
<doc>Use default username to login</doc>
<kw name="Input Username And Password" library="LoginPage">
<arg>${DEFAULT_USER}</arg>
<arg>${DEFAULT_PASS}</arg>
<doc>Used to fill username and password fields</doc>
<kw name="Input Text" library="SeleniumLibrary">
<arg>id:user-name</arg>
<arg>${username}</arg>
<arg>True</arg>
<doc>Types the given ``text`` into the text field identified by ``locator``.</doc>
<msg timestamp="20220225 08:43:28.848" level="INFO">Typing text 'standard_user' into text field 'id:user-name'.</msg>
<status status="PASS" starttime="20220225 08:43:28.848" endtime="20220225 08:43:28.907"/>
</kw>
<kw name="Input Text" library="SeleniumLibrary">
<arg>id:password</arg>
<arg>${password}</arg>
<arg>True</arg>
<doc>Types the given ``text`` into the text field identified by ``locator``.</doc>
<msg timestamp="20220225 08:43:28.909" level="INFO">Typing text 'secret_sauce' into text field 'id:password'.</msg>
<status status="PASS" starttime="20220225 08:43:28.907" endtime="20220225 08:43:28.948"/>
</kw>
<status status="PASS" starttime="20220225 08:43:28.848" endtime="20220225 08:43:28.949"/>
</kw>
<kw name="Click Login Button" library="LoginPage">
<doc>Used to click login button</doc>
<kw name="Click Element" library="SeleniumLibrary">
<arg>id:login-button</arg>
<doc>Click the element identified by ``locator``.</doc>
<msg timestamp="20220225 08:43:28.951" level="INFO">Clicking element 'id:login-button'.</msg>
<status status="PASS" starttime="20220225 08:43:28.951" endtime="20220225 08:43:29.236"/>
</kw>
<status status="PASS" starttime="20220225 08:43:28.950" endtime="20220225 08:43:29.236"/>
</kw>
<status status="PASS" starttime="20220225 08:43:28.846" endtime="20220225 08:43:29.236"/>
</kw>
<kw name="Wait Until Location Is" library="SeleniumLibrary">
<arg>${INVENTORY_PAGE}</arg>
<doc>Waits until the current URL is ``expected``.</doc>
<status status="PASS" starttime="20220225 08:43:29.236" endtime="20220225 08:43:29.236"/>
</kw>
<status status="PASS" starttime="20220225 08:43:21.606" endtime="20220225 08:43:29.236"/>
</kw>
<kw name="Set Product Sorter By Value" library="InventoryPage">
<arg>hilo</arg>
<doc>Select product sorter value based value</doc>
<kw name="Select From List By Value" library="SeleniumLibrary">
<arg>class:product_sort_container</arg>
<arg>${id}</arg>
<doc>Selects options from selection list ``locator`` by ``values``.</doc>
<msg timestamp="20220225 08:43:29.244" level="INFO">Selecting options from selection list 'class:product_sort_container' by value hilo.</msg>
<status status="PASS" starttime="20220225 08:43:29.244" endtime="20220225 08:43:29.519"/>
</kw>
<status status="PASS" starttime="20220225 08:43:29.236" endtime="20220225 08:43:29.519"/>
</kw>
<kw name="Inventory Item Field Should Contain By Index" library="InventoryPage">
<arg>1</arg>
<arg>${ITEM_PRICE}</arg>
<arg>$49.99</arg>
<doc>Validate Inventory item content</doc>
<kw name="Element Should Contain" library="SeleniumLibrary">
<arg>//div[@class='inventory_item'][${index}]//*[contains(@class, '${field}')]</arg>
<arg>${value}</arg>
<doc>Verifies that element ``locator`` contains text ``expected``.</doc>
<msg timestamp="20220225 08:43:29.529" level="INFO">Element '//div[@class='inventory_item'][1]//*[contains(@class, 'inventory_item_price')]' contains text '$49.99'.</msg>
<status status="PASS" starttime="20220225 08:43:29.519" endtime="20220225 08:43:29.529"/>
</kw>
<status status="PASS" starttime="20220225 08:43:29.519" endtime="20220225 08:43:29.529"/>
</kw>
<kw name="Inventory Item Field Should Contain By Index" library="InventoryPage">
<arg>6</arg>
<arg>${ITEM_PRICE}</arg>
<arg>$7.99</arg>
<doc>Validate Inventory item content</doc>
<kw name="Element Should Contain" library="SeleniumLibrary">
<arg>//div[@class='inventory_item'][${index}]//*[contains(@class, '${field}')]</arg>
<arg>${value}</arg>
<doc>Verifies that element ``locator`` contains text ``expected``.</doc>
<msg timestamp="20220225 08:43:29.539" level="INFO">Element '//div[@class='inventory_item'][6]//*[contains(@class, 'inventory_item_price')]' contains text '$7.99'.</msg>
<status status="PASS" starttime="20220225 08:43:29.529" endtime="20220225 08:43:29.539"/>
</kw>
<status status="PASS" starttime="20220225 08:43:29.529" endtime="20220225 08:43:29.539"/>
</kw>
<kw name="Close All Browsers" library="SeleniumLibrary" type="TEARDOWN">
<doc>Closes all open browsers and resets the browser cache.</doc>
<status status="PASS" starttime="20220225 08:43:29.539" endtime="20220225 08:43:31.794"/>
</kw>
<tag>product sorter</tag>
<status status="PASS" starttime="20220225 08:43:21.606" endtime="20220225 08:43:31.794"/>
</test>
<test id="s1-s1-t2" name="Validate Product Sorter at Low To High">
<kw name="Fill Login Information" type="SETUP">
<kw name="Open Browser" library="SeleniumLibrary">
<arg>${LOGIN_PAGE}</arg>
<arg>${DEFAULT_BROWSER}</arg>
<doc>Opens a new browser instance to the optional ``url``.</doc>
<msg timestamp="20220225 08:43:31.794" level="INFO">Opening browser 'firefox' to base url 'https://www.saucedemo.com/'.</msg>
<msg timestamp="20220225 08:43:31.794" level="INFO">Firefox driver log is always forced to to: C:\Users\jvaisanen\Documents\robotframework\SeleniumLibraryExample\pabot_results\1\geckodriver-2.log</msg>
<status status="PASS" starttime="20220225 08:43:31.794" endtime="20220225 08:43:37.412"/>
</kw>
<kw name="Login With Default User" library="LoginPage">
<doc>Use default username to login</doc>
<kw name="Input Username And Password" library="LoginPage">
<arg>${DEFAULT_USER}</arg>
<arg>${DEFAULT_PASS}</arg>
<doc>Used to fill username and password fields</doc>
<kw name="Input Text" library="SeleniumLibrary">
<arg>id:user-name</arg>
<arg>${username}</arg>
<arg>True</arg>
<doc>Types the given ``text`` into the text field identified by ``locator``.</doc>
<msg timestamp="20220225 08:43:37.412" level="INFO">Typing text 'standard_user' into text field 'id:user-name'.</msg>
<status status="PASS" starttime="20220225 08:43:37.412" endtime="20220225 08:43:37.459"/>
</kw>
<kw name="Input Text" library="SeleniumLibrary">
<arg>id:password</arg>
<arg>${password}</arg>
<arg>True</arg>
<doc>Types the given ``text`` into the text field identified by ``locator``.</doc>
<msg timestamp="20220225 08:43:37.459" level="INFO">Typing text 'secret_sauce' into text field 'id:password'.</msg>
<status status="PASS" starttime="20220225 08:43:37.459" endtime="20220225 08:43:37.474"/>
</kw>
<status status="PASS" starttime="20220225 08:43:37.412" endtime="20220225 08:43:37.474"/>
</kw>
<kw name="Click Login Button" library="LoginPage">
<doc>Used to click login button</doc>
<kw name="Click Element" library="SeleniumLibrary">
<arg>id:login-button</arg>
<doc>Click the element identified by ``locator``.</doc>
<msg timestamp="20220225 08:43:37.474" level="INFO">Clicking element 'id:login-button'.</msg>
<status status="PASS" starttime="20220225 08:43:37.474" endtime="20220225 08:43:37.728"/>
</kw>
<status status="PASS" starttime="20220225 08:43:37.474" endtime="20220225 08:43:37.728"/>
</kw>
<status status="PASS" starttime="20220225 08:43:37.412" endtime="20220225 08:43:37.728"/>
</kw>
<kw name="Wait Until Location Is" library="SeleniumLibrary">
<arg>${INVENTORY_PAGE}</arg>
<doc>Waits until the current URL is ``expected``.</doc>
<status status="PASS" starttime="20220225 08:43:37.728" endtime="20220225 08:43:37.728"/>
</kw>
<status status="PASS" starttime="20220225 08:43:31.794" endtime="20220225 08:43:37.728"/>
</kw>
<kw name="Set Product Sorter By Value" library="InventoryPage">
<arg>lohi</arg>
<doc>Select product sorter value based value</doc>
<kw name="Select From List By Value" library="SeleniumLibrary">
<arg>class:product_sort_container</arg>
<arg>${id}</arg>
<doc>Selects options from selection list ``locator`` by ``values``.</doc>
<msg timestamp="20220225 08:43:37.728" level="INFO">Selecting options from selection list 'class:product_sort_container' by value lohi.</msg>
<status status="PASS" starttime="20220225 08:43:37.728" endtime="20220225 08:43:37.976"/>
</kw>
<status status="PASS" starttime="20220225 08:43:37.728" endtime="20220225 08:43:37.976"/>
</kw>
<kw name="Inventory Item Field Should Contain By Index" library="InventoryPage">
<arg>1</arg>
<arg>${ITEM_PRICE}</arg>
<arg>$7.99</arg>
<doc>Validate Inventory item content</doc>
<kw name="Element Should Contain" library="SeleniumLibrary">
<arg>//div[@class='inventory_item'][${index}]//*[contains(@class, '${field}')]</arg>
<arg>${value}</arg>
<doc>Verifies that element ``locator`` contains text ``expected``.</doc>
<msg timestamp="20220225 08:43:37.998" level="INFO">Element '//div[@class='inventory_item'][1]//*[contains(@class, 'inventory_item_price')]' contains text '$7.99'.</msg>
<status status="PASS" starttime="20220225 08:43:37.976" endtime="20220225 08:43:37.998"/>
</kw>
<status status="PASS" starttime="20220225 08:43:37.976" endtime="20220225 08:43:37.998"/>
</kw>
<kw name="Inventory Item Field Should Contain By Index" library="InventoryPage">
<arg>6</arg>
<arg>${ITEM_PRICE}</arg>
<arg>$49.99</arg>
<doc>Validate Inventory item content</doc>
<kw name="Element Should Contain" library="SeleniumLibrary">
<arg>//div[@class='inventory_item'][${index}]//*[contains(@class, '${field}')]</arg>
<arg>${value}</arg>
<doc>Verifies that element ``locator`` contains text ``expected``.</doc>
<msg timestamp="20220225 08:43:37.998" level="INFO">Element '//div[@class='inventory_item'][6]//*[contains(@class, 'inventory_item_price')]' contains text '$49.99'.</msg>
<status status="PASS" starttime="20220225 08:43:37.998" endtime="20220225 08:43:37.998"/>
</kw>
<status status="PASS" starttime="20220225 08:43:37.998" endtime="20220225 08:43:37.998"/>
</kw>
<kw name="Close All Browsers" library="SeleniumLibrary" type="TEARDOWN">
<doc>Closes all open browsers and resets the browser cache.</doc>
<status status="PASS" starttime="20220225 08:43:38.013" endtime="20220225 08:43:40.686"/>
</kw>
<tag>product sorter</tag>
<status status="PASS" starttime="20220225 08:43:31.794" endtime="20220225 08:43:40.686"/>
</test>
<test id="s1-s1-t3" name="Validate Product Sorter at Name A To Z">
<kw name="Fill Login Information" type="SETUP">
<kw name="Open Browser" library="SeleniumLibrary">
<arg>${LOGIN_PAGE}</arg>
<arg>${DEFAULT_BROWSER}</arg>
<doc>Opens a new browser instance to the optional ``url``.</doc>
<msg timestamp="20220225 08:43:40.686" level="INFO">Opening browser 'firefox' to base url 'https://www.saucedemo.com/'.</msg>
<msg timestamp="20220225 08:43:40.686" level="INFO">Firefox driver log is always forced to to: C:\Users\jvaisanen\Documents\robotframework\SeleniumLibraryExample\pabot_results\1\geckodriver-3.log</msg>
<status status="PASS" starttime="20220225 08:43:40.686" endtime="20220225 08:43:46.281"/>
</kw>
<kw name="Login With Default User" library="LoginPage">
<doc>Use default username to login</doc>
<kw name="Input Username And Password" library="LoginPage">
<arg>${DEFAULT_USER}</arg>
<arg>${DEFAULT_PASS}</arg>
<doc>Used to fill username and password fields</doc>
<kw name="Input Text" library="SeleniumLibrary">
<arg>id:user-name</arg>
<arg>${username}</arg>
<arg>True</arg>
<doc>Types the given ``text`` into the text field identified by ``locator``.</doc>
<msg timestamp="20220225 08:43:46.281" level="INFO">Typing text 'standard_user' into text field 'id:user-name'.</msg>
<status status="PASS" starttime="20220225 08:43:46.281" endtime="20220225 08:43:46.322"/>
</kw>
<kw name="Input Text" library="SeleniumLibrary">
<arg>id:password</arg>
<arg>${password}</arg>
<arg>True</arg>
<doc>Types the given ``text`` into the text field identified by ``locator``.</doc>
<msg timestamp="20220225 08:43:46.322" level="INFO">Typing text 'secret_sauce' into text field 'id:password'.</msg>
<status status="PASS" starttime="20220225 08:43:46.322" endtime="20220225 08:43:46.353"/>
</kw>
<status status="PASS" starttime="20220225 08:43:46.281" endtime="20220225 08:43:46.353"/>
</kw>
<kw name="Click Login Button" library="LoginPage">
<doc>Used to click login button</doc>
<kw name="Click Element" library="SeleniumLibrary">
<arg>id:login-button</arg>
<doc>Click the element identified by ``locator``.</doc>
<msg timestamp="20220225 08:43:46.353" level="INFO">Clicking element 'id:login-button'.</msg>
<status status="PASS" starttime="20220225 08:43:46.353" endtime="20220225 08:43:46.616"/>
</kw>
<status status="PASS" starttime="20220225 08:43:46.353" endtime="20220225 08:43:46.616"/>
</kw>
<status status="PASS" starttime="20220225 08:43:46.281" endtime="20220225 08:43:46.616"/>
</kw>
<kw name="Wait Until Location Is" library="SeleniumLibrary">
<arg>${INVENTORY_PAGE}</arg>
<doc>Waits until the current URL is ``expected``.</doc>
<status status="PASS" starttime="20220225 08:43:46.616" endtime="20220225 08:43:46.622"/>
</kw>
<status status="PASS" starttime="20220225 08:43:40.686" endtime="20220225 08:43:46.622"/>
</kw>
<kw name="Set Product Sorter By Value" library="InventoryPage">
<arg>az</arg>
<doc>Select product sorter value based value</doc>
<kw name="Select From List By Value" library="SeleniumLibrary">
<arg>class:product_sort_container</arg>
<arg>${id}</arg>
<doc>Selects options from selection list ``locator`` by ``values``.</doc>
<msg timestamp="20220225 08:43:46.622" level="INFO">Selecting options from selection list 'class:product_sort_container' by value az.</msg>
<status status="PASS" starttime="20220225 08:43:46.622" endtime="20220225 08:43:46.638"/>
</kw>
<status status="PASS" starttime="20220225 08:43:46.622" endtime="20220225 08:43:46.638"/>
</kw>
<kw name="Inventory Item Field Should Contain By Index" library="InventoryPage">
<arg>1</arg>
<arg>${ITEM_NAME}</arg>
<arg>Sauce Labs Backpack</arg>
<doc>Validate Inventory item content</doc>
<kw name="Element Should Contain" library="SeleniumLibrary">
<arg>//div[@class='inventory_item'][${index}]//*[contains(@class, '${field}')]</arg>
<arg>${value}</arg>
<doc>Verifies that element ``locator`` contains text ``expected``.</doc>
<msg timestamp="20220225 08:43:46.669" level="INFO">Element '//div[@class='inventory_item'][1]//*[contains(@class, 'inventory_item_name')]' contains text 'Sauce Labs Backpack'.</msg>
<status status="PASS" starttime="20220225 08:43:46.638" endtime="20220225 08:43:46.669"/>
</kw>
<status status="PASS" starttime="20220225 08:43:46.638" endtime="20220225 08:43:46.669"/>
</kw>
<kw name="Inventory Item Field Should Contain By Index" library="InventoryPage">
<arg>6</arg>
<arg>${ITEM_NAME}</arg>
<arg>Test.allTheThings() T-Shirt (Red)</arg>
<doc>Validate Inventory item content</doc>
<kw name="Element Should Contain" library="SeleniumLibrary">
<arg>//div[@class='inventory_item'][${index}]//*[contains(@class, '${field}')]</arg>
<arg>${value}</arg>
<doc>Verifies that element ``locator`` contains text ``expected``.</doc>
<msg timestamp="20220225 08:43:46.685" level="INFO">Element '//div[@class='inventory_item'][6]//*[contains(@class, 'inventory_item_name')]' contains text 'Test.allTheThings() T-Shirt (Red)'.</msg>
<status status="PASS" starttime="20220225 08:43:46.669" endtime="20220225 08:43:46.685"/>
</kw>
<status status="PASS" starttime="20220225 08:43:46.669" endtime="20220225 08:43:46.685"/>
</kw>
<kw name="Close All Browsers" library="SeleniumLibrary" type="TEARDOWN">
<doc>Closes all open browsers and resets the browser cache.</doc>
<status status="PASS" starttime="20220225 08:43:46.685" endtime="20220225 08:43:49.187"/>
</kw>
<tag>product sorter</tag>
<status status="PASS" starttime="20220225 08:43:40.686" endtime="20220225 08:43:49.187"/>
</test>
<test id="s1-s1-t4" name="Validate Product Sorter at Name Z To A">
<kw name="Fill Login Information" type="SETUP">
<kw name="Open Browser" library="SeleniumLibrary">
<arg>${LOGIN_PAGE}</arg>
<arg>${DEFAULT_BROWSER}</arg>
<doc>Opens a new browser instance to the optional ``url``.</doc>
<msg timestamp="20220225 08:43:49.187" level="INFO">Opening browser 'firefox' to base url 'https://www.saucedemo.com/'.</msg>
<msg timestamp="20220225 08:43:49.187" level="INFO">Firefox driver log is always forced to to: C:\Users\jvaisanen\Documents\robotframework\SeleniumLibraryExample\pabot_results\1\geckodriver-4.log</msg>
<status status="PASS" starttime="20220225 08:43:49.187" endtime="20220225 08:43:54.704"/>
</kw>
<kw name="Login With Default User" library="LoginPage">
<doc>Use default username to login</doc>
<kw name="Input Username And Password" library="LoginPage">
<arg>${DEFAULT_USER}</arg>
<arg>${DEFAULT_PASS}</arg>
<doc>Used to fill username and password fields</doc>
<kw name="Input Text" library="SeleniumLibrary">
<arg>id:user-name</arg>
<arg>${username}</arg>
<arg>True</arg>
<doc>Types the given ``text`` into the text field identified by ``locator``.</doc>
<msg timestamp="20220225 08:43:54.704" level="INFO">Typing text 'standard_user' into text field 'id:user-name'.</msg>
<status status="PASS" starttime="20220225 08:43:54.704" endtime="20220225 08:43:54.751"/>
</kw>
<kw name="Input Text" library="SeleniumLibrary">
<arg>id:password</arg>
<arg>${password}</arg>
<arg>True</arg>
<doc>Types the given ``text`` into the text field identified by ``locator``.</doc>
<msg timestamp="20220225 08:43:54.751" level="INFO">Typing text 'secret_sauce' into text field 'id:password'.</msg>
<status status="PASS" starttime="20220225 08:43:54.751" endtime="20220225 08:43:54.789"/>
</kw>
<status status="PASS" starttime="20220225 08:43:54.704" endtime="20220225 08:43:54.790"/>
</kw>
<kw name="Click Login Button" library="LoginPage">
<doc>Used to click login button</doc>
<kw name="Click Element" library="SeleniumLibrary">
<arg>id:login-button</arg>
<doc>Click the element identified by ``locator``.</doc>
<msg timestamp="20220225 08:43:54.791" level="INFO">Clicking element 'id:login-button'.</msg>
<status status="PASS" starttime="20220225 08:43:54.790" endtime="20220225 08:43:55.036"/>
</kw>
<status status="PASS" starttime="20220225 08:43:54.790" endtime="20220225 08:43:55.036"/>
</kw>
<status status="PASS" starttime="20220225 08:43:54.704" endtime="20220225 08:43:55.036"/>
</kw>
<kw name="Wait Until Location Is" library="SeleniumLibrary">
<arg>${INVENTORY_PAGE}</arg>
<doc>Waits until the current URL is ``expected``.</doc>
<status status="PASS" starttime="20220225 08:43:55.036" endtime="20220225 08:43:55.036"/>
</kw>
<status status="PASS" starttime="20220225 08:43:49.187" endtime="20220225 08:43:55.036"/>
</kw>
<kw name="Set Product Sorter By Value" library="InventoryPage">
<arg>za</arg>
<doc>Select product sorter value based value</doc>
<kw name="Select From List By Value" library="SeleniumLibrary">
<arg>class:product_sort_container</arg>
<arg>${id}</arg>
<doc>Selects options from selection list ``locator`` by ``values``.</doc>
<msg timestamp="20220225 08:43:55.052" level="INFO">Selecting options from selection list 'class:product_sort_container' by value za.</msg>
<status status="PASS" starttime="20220225 08:43:55.036" endtime="20220225 08:43:55.274"/>
</kw>
<status status="PASS" starttime="20220225 08:43:55.036" endtime="20220225 08:43:55.274"/>
</kw>
<kw name="Inventory Item Field Should Contain By Index" library="InventoryPage">
<arg>1</arg>
<arg>${ITEM_NAME}</arg>
<arg>Test.allTheThings() T-Shirt (Red)</arg>
<doc>Validate Inventory item content</doc>
<kw name="Element Should Contain" library="SeleniumLibrary">
<arg>//div[@class='inventory_item'][${index}]//*[contains(@class, '${field}')]</arg>
<arg>${value}</arg>
<doc>Verifies that element ``locator`` contains text ``expected``.</doc>
<msg timestamp="20220225 08:43:55.290" level="INFO">Element '//div[@class='inventory_item'][1]//*[contains(@class, 'inventory_item_name')]' contains text 'Test.allTheThings() T-Shirt (Red)'.</msg>
<status status="PASS" starttime="20220225 08:43:55.274" endtime="20220225 08:43:55.290"/>
</kw>
<status status="PASS" starttime="20220225 08:43:55.274" endtime="20220225 08:43:55.290"/>
</kw>
<kw name="Inventory Item Field Should Contain By Index" library="InventoryPage">
<arg>6</arg>
<arg>${ITEM_NAME}</arg>
<arg>Sauce Labs Backpack</arg>
<doc>Validate Inventory item content</doc>
<kw name="Element Should Contain" library="SeleniumLibrary">
<arg>//div[@class='inventory_item'][${index}]//*[contains(@class, '${field}')]</arg>
<arg>${value}</arg>
<doc>Verifies that element ``locator`` contains text ``expected``.</doc>
<msg timestamp="20220225 08:43:55.306" level="INFO">Element '//div[@class='inventory_item'][6]//*[contains(@class, 'inventory_item_name')]' contains text 'Sauce Labs Backpack'.</msg>
<status status="PASS" starttime="20220225 08:43:55.290" endtime="20220225 08:43:55.306"/>
</kw>
<status status="PASS" starttime="20220225 08:43:55.290" endtime="20220225 08:43:55.306"/>
</kw>
<kw name="Close All Browsers" library="SeleniumLibrary" type="TEARDOWN">
<doc>Closes all open browsers and resets the browser cache.</doc>
<status status="PASS" starttime="20220225 08:43:55.306" endtime="20220225 08:43:57.374"/>
</kw>
<tag>product sorter</tag>
<status status="PASS" starttime="20220225 08:43:49.187" endtime="20220225 08:43:57.374"/>
</test>
<doc>Test cases for validating product sorter</doc>
<status status="PASS" starttime="20220225 08:43:21.428" endtime="20220225 08:43:57.382"/>
</suite>
<status status="PASS" starttime="20220225 08:43:21.406" endtime="20220225 08:43:57.382"/>
</suite>
<statistics>
<total>
<stat pass="4" fail="0" skip="0">All Tests</stat>
</total>
<tag>
<stat pass="4" fail="0" skip="0">product sorter</stat>
</tag>
<suite>
<stat pass="4" fail="0" skip="0" id="s1" name="TestSuites">TestSuites</stat>
<stat pass="4" fail="0" skip="0" id="s1-s1" name="TS 002 Product sorter">TestSuites.TS 002 Product sorter</stat>
</suite>
</statistics>
<errors>
</errors>
</robot>
