<?xml version="1.0" encoding="UTF-8"?>
<robot generator="Robot 4.1.3 (Python 3.9.10 on win32)" generated="20220225 08:43:21.406" rpa="false" schemaversion="2">
<suite id="s1" name="TestSuites" source="C:\Users\jvaisanen\Documents\robotframework\SeleniumLibraryExample\TestSuites">
<suite id="s1-s1" name="TS 003 Invetory item" source="C:\Users\jvaisanen\Documents\robotframework\SeleniumLibraryExample\TestSuites\TS_003_Invetory_item.robot">
<test id="s1-s1-t1" name="Validate Inventory Item Content">
<kw name="Inventory Item Setup" type="SETUP">
<doc>Setup for Inventory Item test cases</doc>
<kw name="Open Browser" library="SeleniumLibrary">
<arg>${LOGIN_PAGE}</arg>
<arg>${DEFAULT_BROWSER}</arg>
<doc>Opens a new browser instance to the optional ``url``.</doc>
<msg timestamp="20220225 08:43:21.591" level="INFO">Opening browser 'firefox' to base url 'https://www.saucedemo.com/'.</msg>
<msg timestamp="20220225 08:43:21.591" level="INFO">Firefox driver log is always forced to to: C:\Users\jvaisanen\Documents\robotframework\SeleniumLibraryExample\pabot_results\2\geckodriver-1.log</msg>
<status status="PASS" starttime="20220225 08:43:21.591" endtime="20220225 08:43:28.846"/>
</kw>
<kw name="Login With Default User" library="LoginPage">
<doc>Use default username to login</doc>
<kw name="Input Username And Password" library="LoginPage">
<arg>${DEFAULT_USER}</arg>
<arg>${DEFAULT_PASS}</arg>
<doc>Used to fill username and password fields</doc>
<kw name="Input Text" library="SeleniumLibrary">
<arg>id:user-name</arg>
<arg>${username}</arg>
<arg>True</arg>
<doc>Types the given ``text`` into the text field identified by ``locator``.</doc>
<msg timestamp="20220225 08:43:28.848" level="INFO">Typing text 'standard_user' into text field 'id:user-name'.</msg>
<status status="PASS" starttime="20220225 08:43:28.848" endtime="20220225 08:43:28.907"/>
</kw>
<kw name="Input Text" library="SeleniumLibrary">
<arg>id:password</arg>
<arg>${password}</arg>
<arg>True</arg>
<doc>Types the given ``text`` into the text field identified by ``locator``.</doc>
<msg timestamp="20220225 08:43:28.909" level="INFO">Typing text 'secret_sauce' into text field 'id:password'.</msg>
<status status="PASS" starttime="20220225 08:43:28.909" endtime="20220225 08:43:28.948"/>
</kw>
<status status="PASS" starttime="20220225 08:43:28.848" endtime="20220225 08:43:28.949"/>
</kw>
<kw name="Click Login Button" library="LoginPage">
<doc>Used to click login button</doc>
<kw name="Click Element" library="SeleniumLibrary">
<arg>id:login-button</arg>
<doc>Click the element identified by ``locator``.</doc>
<msg timestamp="20220225 08:43:28.951" level="INFO">Clicking element 'id:login-button'.</msg>
<status status="PASS" starttime="20220225 08:43:28.951" endtime="20220225 08:43:29.236"/>
</kw>
<status status="PASS" starttime="20220225 08:43:28.950" endtime="20220225 08:43:29.236"/>
</kw>
<status status="PASS" starttime="20220225 08:43:28.846" endtime="20220225 08:43:29.236"/>
</kw>
<kw name="Wait Until Location Is" library="SeleniumLibrary">
<arg>${INVENTORY_PAGE}</arg>
<doc>Waits until the current URL is ``expected``.</doc>
<status status="PASS" starttime="20220225 08:43:29.236" endtime="20220225 08:43:29.236"/>
</kw>
<kw name="Set Product Sorter By Value" library="InventoryPage">
<arg>az</arg>
<doc>Select product sorter value based value</doc>
<kw name="Select From List By Value" library="SeleniumLibrary">
<arg>class:product_sort_container</arg>
<arg>${id}</arg>
<doc>Selects options from selection list ``locator`` by ``values``.</doc>
<msg timestamp="20220225 08:43:29.244" level="INFO">Selecting options from selection list 'class:product_sort_container' by value az.</msg>
<status status="PASS" starttime="20220225 08:43:29.244" endtime="20220225 08:43:29.276"/>
</kw>
<status status="PASS" starttime="20220225 08:43:29.236" endtime="20220225 08:43:29.276"/>
</kw>
<status status="PASS" starttime="20220225 08:43:21.591" endtime="20220225 08:43:29.276"/>
</kw>
<kw name="Inventory Item Field Should Contain By Index" library="InventoryPage">
<arg>1</arg>
<arg>${ITEM_NAME}</arg>
<arg>Sauce Labs Backpack</arg>
<doc>Validate Inventory item content</doc>
<kw name="Element Should Contain" library="SeleniumLibrary">
<arg>//div[@class='inventory_item'][${index}]//*[contains(@class, '${field}')]</arg>
<arg>${value}</arg>
<doc>Verifies that element ``locator`` contains text ``expected``.</doc>
<msg timestamp="20220225 08:43:29.307" level="INFO">Element '//div[@class='inventory_item'][1]//*[contains(@class, 'inventory_item_name')]' contains text 'Sauce Labs Backpack'.</msg>
<status status="PASS" starttime="20220225 08:43:29.276" endtime="20220225 08:43:29.307"/>
</kw>
<status status="PASS" starttime="20220225 08:43:29.276" endtime="20220225 08:43:29.307"/>
</kw>
<kw name="Inventory Item Field Should Contain By Index" library="InventoryPage">
<arg>1</arg>
<arg>${ITEM_PRICE}</arg>
<arg>$29.99</arg>
<doc>Validate Inventory item content</doc>
<kw name="Element Should Contain" library="SeleniumLibrary">
<arg>//div[@class='inventory_item'][${index}]//*[contains(@class, '${field}')]</arg>
<arg>${value}</arg>
<doc>Verifies that element ``locator`` contains text ``expected``.</doc>
<msg timestamp="20220225 08:43:29.317" level="INFO">Element '//div[@class='inventory_item'][1]//*[contains(@class, 'inventory_item_price')]' contains text '$29.99'.</msg>
<status status="PASS" starttime="20220225 08:43:29.307" endtime="20220225 08:43:29.317"/>
</kw>
<status status="PASS" starttime="20220225 08:43:29.307" endtime="20220225 08:43:29.317"/>
</kw>
<kw name="Inventory Item Field Should Contain By Index" library="InventoryPage">
<arg>1</arg>
<arg>${ITEM_DESC}</arg>
<arg>carry.allTheThings() with the sleek, streamlined Sly Pack that melds uncompromising style with unequaled laptop and tablet protection</arg>
<doc>Validate Inventory item content</doc>
<kw name="Element Should Contain" library="SeleniumLibrary">
<arg>//div[@class='inventory_item'][${index}]//*[contains(@class, '${field}')]</arg>
<arg>${value}</arg>
<doc>Verifies that element ``locator`` contains text ``expected``.</doc>
<msg timestamp="20220225 08:43:29.337" level="INFO">Element '//div[@class='inventory_item'][1]//*[contains(@class, 'inventory_item_desc')]' contains text 'carry.allTheThings() with the sleek, streamlined Sly Pack that melds uncompromising style with unequaled laptop and tablet protection'.</msg>
<status status="PASS" starttime="20220225 08:43:29.317" endtime="20220225 08:43:29.337"/>
</kw>
<status status="PASS" starttime="20220225 08:43:29.317" endtime="20220225 08:43:29.337"/>
</kw>
<kw name="Inventory Item Field Should Contain By Index" library="InventoryPage">
<arg>1</arg>
<arg>${ITEM_BTN}</arg>
<arg>ADD TO CART</arg>
<doc>Validate Inventory item content</doc>
<kw name="Element Should Contain" library="SeleniumLibrary">
<arg>//div[@class='inventory_item'][${index}]//*[contains(@class, '${field}')]</arg>
<arg>${value}</arg>
<doc>Verifies that element ``locator`` contains text ``expected``.</doc>
<msg timestamp="20220225 08:43:29.347" level="INFO">Element '//div[@class='inventory_item'][1]//*[contains(@class, 'btn_inventory')]' contains text 'ADD TO CART'.</msg>
<status status="PASS" starttime="20220225 08:43:29.337" endtime="20220225 08:43:29.347"/>
</kw>
<status status="PASS" starttime="20220225 08:43:29.337" endtime="20220225 08:43:29.347"/>
</kw>
<kw name="Close All Browsers" library="SeleniumLibrary" type="TEARDOWN">
<doc>Closes all open browsers and resets the browser cache.</doc>
<status status="PASS" starttime="20220225 08:43:29.347" endtime="20220225 08:43:32.267"/>
</kw>
<tag>inventory item</tag>
<status status="PASS" starttime="20220225 08:43:21.591" endtime="20220225 08:43:32.267"/>
</test>
<test id="s1-s1-t2" name="Open Inventory Item Window From Title">
<kw name="Inventory Item Setup" type="SETUP">
<doc>Setup for Inventory Item test cases</doc>
<kw name="Open Browser" library="SeleniumLibrary">
<arg>${LOGIN_PAGE}</arg>
<arg>${DEFAULT_BROWSER}</arg>
<doc>Opens a new browser instance to the optional ``url``.</doc>
<msg timestamp="20220225 08:43:32.267" level="INFO">Opening browser 'firefox' to base url 'https://www.saucedemo.com/'.</msg>
<msg timestamp="20220225 08:43:32.267" level="INFO">Firefox driver log is always forced to to: C:\Users\jvaisanen\Documents\robotframework\SeleniumLibraryExample\pabot_results\2\geckodriver-2.log</msg>
<status status="PASS" starttime="20220225 08:43:32.267" endtime="20220225 08:43:38.830"/>
</kw>
<kw name="Login With Default User" library="LoginPage">
<doc>Use default username to login</doc>
<kw name="Input Username And Password" library="LoginPage">
<arg>${DEFAULT_USER}</arg>
<arg>${DEFAULT_PASS}</arg>
<doc>Used to fill username and password fields</doc>
<kw name="Input Text" library="SeleniumLibrary">
<arg>id:user-name</arg>
<arg>${username}</arg>
<arg>True</arg>
<doc>Types the given ``text`` into the text field identified by ``locator``.</doc>
<msg timestamp="20220225 08:43:38.830" level="INFO">Typing text 'standard_user' into text field 'id:user-name'.</msg>
<status status="PASS" starttime="20220225 08:43:38.830" endtime="20220225 08:43:38.877"/>
</kw>
<kw name="Input Text" library="SeleniumLibrary">
<arg>id:password</arg>
<arg>${password}</arg>
<arg>True</arg>
<doc>Types the given ``text`` into the text field identified by ``locator``.</doc>
<msg timestamp="20220225 08:43:38.877" level="INFO">Typing text 'secret_sauce' into text field 'id:password'.</msg>
<status status="PASS" starttime="20220225 08:43:38.877" endtime="20220225 08:43:38.899"/>
</kw>
<status status="PASS" starttime="20220225 08:43:38.830" endtime="20220225 08:43:38.899"/>
</kw>
<kw name="Click Login Button" library="LoginPage">
<doc>Used to click login button</doc>
<kw name="Click Element" library="SeleniumLibrary">
<arg>id:login-button</arg>
<doc>Click the element identified by ``locator``.</doc>
<msg timestamp="20220225 08:43:38.899" level="INFO">Clicking element 'id:login-button'.</msg>
<status status="PASS" starttime="20220225 08:43:38.899" endtime="20220225 08:43:39.163"/>
</kw>
<status status="PASS" starttime="20220225 08:43:38.899" endtime="20220225 08:43:39.163"/>
</kw>
<status status="PASS" starttime="20220225 08:43:38.830" endtime="20220225 08:43:39.163"/>
</kw>
<kw name="Wait Until Location Is" library="SeleniumLibrary">
<arg>${INVENTORY_PAGE}</arg>
<doc>Waits until the current URL is ``expected``.</doc>
<status status="PASS" starttime="20220225 08:43:39.163" endtime="20220225 08:43:39.163"/>
</kw>
<kw name="Set Product Sorter By Value" library="InventoryPage">
<arg>az</arg>
<doc>Select product sorter value based value</doc>
<kw name="Select From List By Value" library="SeleniumLibrary">
<arg>class:product_sort_container</arg>
<arg>${id}</arg>
<doc>Selects options from selection list ``locator`` by ``values``.</doc>
<msg timestamp="20220225 08:43:39.163" level="INFO">Selecting options from selection list 'class:product_sort_container' by value az.</msg>
<status status="PASS" starttime="20220225 08:43:39.163" endtime="20220225 08:43:39.178"/>
</kw>
<status status="PASS" starttime="20220225 08:43:39.163" endtime="20220225 08:43:39.178"/>
</kw>
<status status="PASS" starttime="20220225 08:43:32.267" endtime="20220225 08:43:39.178"/>
</kw>
<kw name="Click Inventory Item Field By Index" library="InventoryPage">
<arg>1</arg>
<arg>${ITEM_NAME}</arg>
<doc>Validate Inventory item content</doc>
<kw name="Click Element" library="SeleniumLibrary">
<arg>//div[@class='inventory_item'][${index}]//*[contains(@class, '${field}')]</arg>
<doc>Click the element identified by ``locator``.</doc>
<msg timestamp="20220225 08:43:39.178" level="INFO">Clicking element '//div[@class='inventory_item'][1]//*[contains(@class, 'inventory_item_name')]'.</msg>
<status status="PASS" starttime="20220225 08:43:39.178" endtime="20220225 08:43:39.417"/>
</kw>
<status status="PASS" starttime="20220225 08:43:39.178" endtime="20220225 08:43:39.417"/>
</kw>
<kw name="Wait Until Location Is" library="SeleniumLibrary">
<arg>${INVENTORY_ITEM_PAGE}</arg>
<doc>Waits until the current URL is ``expected``.</doc>
<status status="PASS" starttime="20220225 08:43:39.417" endtime="20220225 08:43:39.417"/>
</kw>
<kw name="Close All Browsers" library="SeleniumLibrary" type="TEARDOWN">
<doc>Closes all open browsers and resets the browser cache.</doc>
<status status="PASS" starttime="20220225 08:43:39.417" endtime="20220225 08:43:41.765"/>
</kw>
<tag>inventory item</tag>
<status status="PASS" starttime="20220225 08:43:32.267" endtime="20220225 08:43:41.765"/>
</test>
<test id="s1-s1-t3" name="Open Inventory Item Window From Image">
<kw name="Inventory Item Setup" type="SETUP">
<doc>Setup for Inventory Item test cases</doc>
<kw name="Open Browser" library="SeleniumLibrary">
<arg>${LOGIN_PAGE}</arg>
<arg>${DEFAULT_BROWSER}</arg>
<doc>Opens a new browser instance to the optional ``url``.</doc>
<msg timestamp="20220225 08:43:41.765" level="INFO">Opening browser 'firefox' to base url 'https://www.saucedemo.com/'.</msg>
<msg timestamp="20220225 08:43:41.765" level="INFO">Firefox driver log is always forced to to: C:\Users\jvaisanen\Documents\robotframework\SeleniumLibraryExample\pabot_results\2\geckodriver-3.log</msg>
<status status="PASS" starttime="20220225 08:43:41.765" endtime="20220225 08:43:48.184"/>
</kw>
<kw name="Login With Default User" library="LoginPage">
<doc>Use default username to login</doc>
<kw name="Input Username And Password" library="LoginPage">
<arg>${DEFAULT_USER}</arg>
<arg>${DEFAULT_PASS}</arg>
<doc>Used to fill username and password fields</doc>
<kw name="Input Text" library="SeleniumLibrary">
<arg>id:user-name</arg>
<arg>${username}</arg>
<arg>True</arg>
<doc>Types the given ``text`` into the text field identified by ``locator``.</doc>
<msg timestamp="20220225 08:43:48.184" level="INFO">Typing text 'standard_user' into text field 'id:user-name'.</msg>
<status status="PASS" starttime="20220225 08:43:48.184" endtime="20220225 08:43:48.215"/>
</kw>
<kw name="Input Text" library="SeleniumLibrary">
<arg>id:password</arg>
<arg>${password}</arg>
<arg>True</arg>
<doc>Types the given ``text`` into the text field identified by ``locator``.</doc>
<msg timestamp="20220225 08:43:48.215" level="INFO">Typing text 'secret_sauce' into text field 'id:password'.</msg>
<status status="PASS" starttime="20220225 08:43:48.215" endtime="20220225 08:43:48.253"/>
</kw>
<status status="PASS" starttime="20220225 08:43:48.184" endtime="20220225 08:43:48.253"/>
</kw>
<kw name="Click Login Button" library="LoginPage">
<doc>Used to click login button</doc>
<kw name="Click Element" library="SeleniumLibrary">
<arg>id:login-button</arg>
<doc>Click the element identified by ``locator``.</doc>
<msg timestamp="20220225 08:43:48.253" level="INFO">Clicking element 'id:login-button'.</msg>
<status status="PASS" starttime="20220225 08:43:48.253" endtime="20220225 08:43:48.554"/>
</kw>
<status status="PASS" starttime="20220225 08:43:48.253" endtime="20220225 08:43:48.554"/>
</kw>
<status status="PASS" starttime="20220225 08:43:48.184" endtime="20220225 08:43:48.554"/>
</kw>
<kw name="Wait Until Location Is" library="SeleniumLibrary">
<arg>${INVENTORY_PAGE}</arg>
<doc>Waits until the current URL is ``expected``.</doc>
<status status="PASS" starttime="20220225 08:43:48.554" endtime="20220225 08:43:48.554"/>
</kw>
<kw name="Set Product Sorter By Value" library="InventoryPage">
<arg>az</arg>
<doc>Select product sorter value based value</doc>
<kw name="Select From List By Value" library="SeleniumLibrary">
<arg>class:product_sort_container</arg>
<arg>${id}</arg>
<doc>Selects options from selection list ``locator`` by ``values``.</doc>
<msg timestamp="20220225 08:43:48.554" level="INFO">Selecting options from selection list 'class:product_sort_container' by value az.</msg>
<status status="PASS" starttime="20220225 08:43:48.554" endtime="20220225 08:43:48.569"/>
</kw>
<status status="PASS" starttime="20220225 08:43:48.554" endtime="20220225 08:43:48.569"/>
</kw>
<status status="PASS" starttime="20220225 08:43:41.765" endtime="20220225 08:43:48.569"/>
</kw>
<kw name="Click Inventory Item Field By Index" library="InventoryPage">
<arg>1</arg>
<arg>${ITEM_IMG}</arg>
<doc>Validate Inventory item content</doc>
<kw name="Click Element" library="SeleniumLibrary">
<arg>//div[@class='inventory_item'][${index}]//*[contains(@class, '${field}')]</arg>
<doc>Click the element identified by ``locator``.</doc>
<msg timestamp="20220225 08:43:48.569" level="INFO">Clicking element '//div[@class='inventory_item'][1]//*[contains(@class, 'inventory_item_img')]'.</msg>
<status status="PASS" starttime="20220225 08:43:48.569" endtime="20220225 08:43:48.817"/>
</kw>
<status status="PASS" starttime="20220225 08:43:48.569" endtime="20220225 08:43:48.817"/>
</kw>
<kw name="Wait Until Location Is" library="SeleniumLibrary">
<arg>${INVENTORY_ITEM_PAGE}</arg>
<doc>Waits until the current URL is ``expected``.</doc>
<status status="PASS" starttime="20220225 08:43:48.817" endtime="20220225 08:43:48.817"/>
</kw>
<kw name="Close All Browsers" library="SeleniumLibrary" type="TEARDOWN">
<doc>Closes all open browsers and resets the browser cache.</doc>
<status status="PASS" starttime="20220225 08:43:48.817" endtime="20220225 08:43:50.677"/>
</kw>
<tag>inventory item</tag>
<status status="PASS" starttime="20220225 08:43:41.765" endtime="20220225 08:43:50.677"/>
</test>
<test id="s1-s1-t4" name="Validate Inventory Button Updates After Clicking It">
<kw name="Inventory Item Setup" type="SETUP">
<doc>Setup for Inventory Item test cases</doc>
<kw name="Open Browser" library="SeleniumLibrary">
<arg>${LOGIN_PAGE}</arg>
<arg>${DEFAULT_BROWSER}</arg>
<doc>Opens a new browser instance to the optional ``url``.</doc>
<msg timestamp="20220225 08:43:50.679" level="INFO">Opening browser 'firefox' to base url 'https://www.saucedemo.com/'.</msg>
<msg timestamp="20220225 08:43:50.679" level="INFO">Firefox driver log is always forced to to: C:\Users\jvaisanen\Documents\robotframework\SeleniumLibraryExample\pabot_results\2\geckodriver-4.log</msg>
<status status="PASS" starttime="20220225 08:43:50.677" endtime="20220225 08:43:56.650"/>
</kw>
<kw name="Login With Default User" library="LoginPage">
<doc>Use default username to login</doc>
<kw name="Input Username And Password" library="LoginPage">
<arg>${DEFAULT_USER}</arg>
<arg>${DEFAULT_PASS}</arg>
<doc>Used to fill username and password fields</doc>
<kw name="Input Text" library="SeleniumLibrary">
<arg>id:user-name</arg>
<arg>${username}</arg>
<arg>True</arg>
<doc>Types the given ``text`` into the text field identified by ``locator``.</doc>
<msg timestamp="20220225 08:43:56.650" level="INFO">Typing text 'standard_user' into text field 'id:user-name'.</msg>
<status status="PASS" starttime="20220225 08:43:56.650" endtime="20220225 08:43:56.691"/>
</kw>
<kw name="Input Text" library="SeleniumLibrary">
<arg>id:password</arg>
<arg>${password}</arg>
<arg>True</arg>
<doc>Types the given ``text`` into the text field identified by ``locator``.</doc>
<msg timestamp="20220225 08:43:56.691" level="INFO">Typing text 'secret_sauce' into text field 'id:password'.</msg>
<status status="PASS" starttime="20220225 08:43:56.691" endtime="20220225 08:43:56.709"/>
</kw>
<status status="PASS" starttime="20220225 08:43:56.650" endtime="20220225 08:43:56.709"/>
</kw>
<kw name="Click Login Button" library="LoginPage">
<doc>Used to click login button</doc>
<kw name="Click Element" library="SeleniumLibrary">
<arg>id:login-button</arg>
<doc>Click the element identified by ``locator``.</doc>
<msg timestamp="20220225 08:43:56.709" level="INFO">Clicking element 'id:login-button'.</msg>
<status status="PASS" starttime="20220225 08:43:56.709" endtime="20220225 08:43:56.967"/>
</kw>
<status status="PASS" starttime="20220225 08:43:56.709" endtime="20220225 08:43:56.967"/>
</kw>
<status status="PASS" starttime="20220225 08:43:56.650" endtime="20220225 08:43:56.967"/>
</kw>
<kw name="Wait Until Location Is" library="SeleniumLibrary">
<arg>${INVENTORY_PAGE}</arg>
<doc>Waits until the current URL is ``expected``.</doc>
<status status="PASS" starttime="20220225 08:43:56.967" endtime="20220225 08:43:56.967"/>
</kw>
<kw name="Set Product Sorter By Value" library="InventoryPage">
<arg>az</arg>
<doc>Select product sorter value based value</doc>
<kw name="Select From List By Value" library="SeleniumLibrary">
<arg>class:product_sort_container</arg>
<arg>${id}</arg>
<doc>Selects options from selection list ``locator`` by ``values``.</doc>
<msg timestamp="20220225 08:43:56.967" level="INFO">Selecting options from selection list 'class:product_sort_container' by value az.</msg>
<status status="PASS" starttime="20220225 08:43:56.967" endtime="20220225 08:43:56.983"/>
</kw>
<status status="PASS" starttime="20220225 08:43:56.967" endtime="20220225 08:43:56.983"/>
</kw>
<status status="PASS" starttime="20220225 08:43:50.677" endtime="20220225 08:43:56.983"/>
</kw>
<kw name="Inventory Item Field Should Contain By Index" library="InventoryPage">
<arg>1</arg>
<arg>${ITEM_BTN}</arg>
<arg>ADD TO CART</arg>
<doc>Validate Inventory item content</doc>
<kw name="Element Should Contain" library="SeleniumLibrary">
<arg>//div[@class='inventory_item'][${index}]//*[contains(@class, '${field}')]</arg>
<arg>${value}</arg>
<doc>Verifies that element ``locator`` contains text ``expected``.</doc>
<msg timestamp="20220225 08:43:56.998" level="INFO">Element '//div[@class='inventory_item'][1]//*[contains(@class, 'btn_inventory')]' contains text 'ADD TO CART'.</msg>
<status status="PASS" starttime="20220225 08:43:56.983" endtime="20220225 08:43:56.998"/>
</kw>
<status status="PASS" starttime="20220225 08:43:56.983" endtime="20220225 08:43:56.998"/>
</kw>
<kw name="Click Inventory Item Field By Index" library="InventoryPage">
<arg>1</arg>
<arg>${ITEM_BTN}</arg>
<doc>Validate Inventory item content</doc>
<kw name="Click Element" library="SeleniumLibrary">
<arg>//div[@class='inventory_item'][${index}]//*[contains(@class, '${field}')]</arg>
<doc>Click the element identified by ``locator``.</doc>
<msg timestamp="20220225 08:43:56.998" level="INFO">Clicking element '//div[@class='inventory_item'][1]//*[contains(@class, 'btn_inventory')]'.</msg>
<status status="PASS" starttime="20220225 08:43:56.998" endtime="20220225 08:43:57.231"/>
</kw>
<status status="PASS" starttime="20220225 08:43:56.998" endtime="20220225 08:43:57.231"/>
</kw>
<kw name="Inventory Item Field Should Contain By Index" library="InventoryPage">
<arg>1</arg>
<arg>${ITEM_BTN}</arg>
<arg>REMOVE</arg>
<doc>Validate Inventory item content</doc>
<kw name="Element Should Contain" library="SeleniumLibrary">
<arg>//div[@class='inventory_item'][${index}]//*[contains(@class, '${field}')]</arg>
<arg>${value}</arg>
<doc>Verifies that element ``locator`` contains text ``expected``.</doc>
<msg timestamp="20220225 08:43:57.233" level="INFO">Element '//div[@class='inventory_item'][1]//*[contains(@class, 'btn_inventory')]' contains text 'REMOVE'.</msg>
<status status="PASS" starttime="20220225 08:43:57.233" endtime="20220225 08:43:57.233"/>
</kw>
<status status="PASS" starttime="20220225 08:43:57.231" endtime="20220225 08:43:57.233"/>
</kw>
<kw name="Click Inventory Item Field By Index" library="InventoryPage">
<arg>1</arg>
<arg>${ITEM_BTN}</arg>
<doc>Validate Inventory item content</doc>
<kw name="Click Element" library="SeleniumLibrary">
<arg>//div[@class='inventory_item'][${index}]//*[contains(@class, '${field}')]</arg>
<doc>Click the element identified by ``locator``.</doc>
<msg timestamp="20220225 08:43:57.233" level="INFO">Clicking element '//div[@class='inventory_item'][1]//*[contains(@class, 'btn_inventory')]'.</msg>
<status status="PASS" starttime="20220225 08:43:57.233" endtime="20220225 08:43:57.453"/>
</kw>
<status status="PASS" starttime="20220225 08:43:57.233" endtime="20220225 08:43:57.453"/>
</kw>
<kw name="Inventory Item Field Should Contain By Index" library="InventoryPage">
<arg>1</arg>
<arg>${ITEM_BTN}</arg>
<arg>ADD TO CART</arg>
<doc>Validate Inventory item content</doc>
<kw name="Element Should Contain" library="SeleniumLibrary">
<arg>//div[@class='inventory_item'][${index}]//*[contains(@class, '${field}')]</arg>
<arg>${value}</arg>
<doc>Verifies that element ``locator`` contains text ``expected``.</doc>
<msg timestamp="20220225 08:43:57.463" level="INFO">Element '//div[@class='inventory_item'][1]//*[contains(@class, 'btn_inventory')]' contains text 'ADD TO CART'.</msg>
<status status="PASS" starttime="20220225 08:43:57.455" endtime="20220225 08:43:57.463"/>
</kw>
<status status="PASS" starttime="20220225 08:43:57.453" endtime="20220225 08:43:57.463"/>
</kw>
<kw name="Close All Browsers" library="SeleniumLibrary" type="TEARDOWN">
<doc>Closes all open browsers and resets the browser cache.</doc>
<status status="PASS" starttime="20220225 08:43:57.463" endtime="20220225 08:43:58.428"/>
</kw>
<tag>inventory item</tag>
<status status="PASS" starttime="20220225 08:43:50.677" endtime="20220225 08:43:58.429"/>
</test>
<doc>Test cases for validating inventory item</doc>
<status status="PASS" starttime="20220225 08:43:21.428" endtime="20220225 08:43:58.429"/>
</suite>
<status status="PASS" starttime="20220225 08:43:21.422" endtime="20220225 08:43:58.430"/>
</suite>
<statistics>
<total>
<stat pass="4" fail="0" skip="0">All Tests</stat>
</total>
<tag>
<stat pass="4" fail="0" skip="0">inventory item</stat>
</tag>
<suite>
<stat pass="4" fail="0" skip="0" id="s1" name="TestSuites">TestSuites</stat>
<stat pass="4" fail="0" skip="0" id="s1-s1" name="TS 003 Invetory item">TestSuites.TS 003 Invetory item</stat>
</suite>
</statistics>
<errors>
</errors>
</robot>
