<?xml version="1.0" encoding="UTF-8"?>
<robot generator="Robot 4.1.3 (Python 3.9.10 on win32)" generated="20220225 08:43:21.422" rpa="false" schemaversion="2">
<suite id="s1" name="TestSuites" source="C:\Users\jvaisanen\Documents\robotframework\SeleniumLibraryExample\TestSuites">
<suite id="s1-s1" name="TS 005 Page access" source="C:\Users\jvaisanen\Documents\robotframework\SeleniumLibraryExample\TestSuites\TS_005_Page_access.robot">
<test id="s1-s1-t1" name="Inventory Without User">
<kw name="Open Browser" library="SeleniumLibrary">
<arg>${INVENTORY_PAGE}</arg>
<arg>${DEFAULT_BROWSER}</arg>
<doc>Opens a new browser instance to the optional ``url``.</doc>
<msg timestamp="20220225 08:43:21.606" level="INFO">Opening browser 'firefox' to base url 'https://www.saucedemo.com/inventory.html'.</msg>
<msg timestamp="20220225 08:43:21.606" level="INFO">Firefox driver log is always forced to to: C:\Users\jvaisanen\Documents\robotframework\SeleniumLibraryExample\pabot_results\4\geckodriver-1.log</msg>
<status status="PASS" starttime="20220225 08:43:21.606" endtime="20220225 08:43:28.087"/>
</kw>
<kw name="Close All Browsers" library="SeleniumLibrary" type="TEARDOWN">
<doc>Closes all open browsers and resets the browser cache.</doc>
<status status="PASS" starttime="20220225 08:43:28.087" endtime="20220225 08:43:31.388"/>
</kw>
<tag>inventory item view</tag>
<status status="PASS" starttime="20220225 08:43:21.591" endtime="20220225 08:43:31.388"/>
</test>
<doc>Test cases for validating inventory item</doc>
<status status="PASS" starttime="20220225 08:43:21.444" endtime="20220225 08:43:31.388"/>
</suite>
<status status="PASS" starttime="20220225 08:43:21.428" endtime="20220225 08:43:31.390"/>
</suite>
<statistics>
<total>
<stat pass="1" fail="0" skip="0">All Tests</stat>
</total>
<tag>
<stat pass="1" fail="0" skip="0">inventory item view</stat>
</tag>
<suite>
<stat pass="1" fail="0" skip="0" id="s1" name="TestSuites">TestSuites</stat>
<stat pass="1" fail="0" skip="0" id="s1-s1" name="TS 005 Page access">TestSuites.TS 005 Page access</stat>
</suite>
</statistics>
<errors>
</errors>
</robot>
