<?xml version="1.0" encoding="UTF-8"?>
<robot generator="Robot 4.1.3 (Python 3.9.10 on win32)" generated="20220225 08:43:21.390" rpa="false" schemaversion="2">
<suite id="s1" name="TestSuites" source="C:\Users\jvaisanen\Documents\robotframework\SeleniumLibraryExample\TestSuites">
<suite id="s1-s1" name="TS 004 Invetory item window" source="C:\Users\jvaisanen\Documents\robotframework\SeleniumLibraryExample\TestSuites\TS_004_Invetory_item_window.robot">
<test id="s1-s1-t1" name="Validate Inventory Item Detail Content">
<kw name="Inventory Item View Setup" type="SETUP">
<doc>Setup for Inventory Item test cases</doc>
<kw name="Open Browser" library="SeleniumLibrary">
<arg>${LOGIN_PAGE}</arg>
<arg>${DEFAULT_BROWSER}</arg>
<doc>Opens a new browser instance to the optional ``url``.</doc>
<msg timestamp="20220225 08:43:21.591" level="INFO">Opening browser 'firefox' to base url 'https://www.saucedemo.com/'.</msg>
<msg timestamp="20220225 08:43:21.591" level="INFO">Firefox driver log is always forced to to: C:\Users\jvaisanen\Documents\robotframework\SeleniumLibraryExample\pabot_results\3\geckodriver-1.log</msg>
<status status="PASS" starttime="20220225 08:43:21.591" endtime="20220225 08:43:27.935"/>
</kw>
<kw name="Login With Default User" library="LoginPage">
<doc>Use default username to login</doc>
<kw name="Input Username And Password" library="LoginPage">
<arg>${DEFAULT_USER}</arg>
<arg>${DEFAULT_PASS}</arg>
<doc>Used to fill username and password fields</doc>
<kw name="Input Text" library="SeleniumLibrary">
<arg>id:user-name</arg>
<arg>${username}</arg>
<arg>True</arg>
<doc>Types the given ``text`` into the text field identified by ``locator``.</doc>
<msg timestamp="20220225 08:43:27.935" level="INFO">Typing text 'standard_user' into text field 'id:user-name'.</msg>
<status status="PASS" starttime="20220225 08:43:27.935" endtime="20220225 08:43:28.006"/>
</kw>
<kw name="Input Text" library="SeleniumLibrary">
<arg>id:password</arg>
<arg>${password}</arg>
<arg>True</arg>
<doc>Types the given ``text`` into the text field identified by ``locator``.</doc>
<msg timestamp="20220225 08:43:28.006" level="INFO">Typing text 'secret_sauce' into text field 'id:password'.</msg>
<status status="PASS" starttime="20220225 08:43:28.006" endtime="20220225 08:43:28.036"/>
</kw>
<status status="PASS" starttime="20220225 08:43:27.935" endtime="20220225 08:43:28.036"/>
</kw>
<kw name="Click Login Button" library="LoginPage">
<doc>Used to click login button</doc>
<kw name="Click Element" library="SeleniumLibrary">
<arg>id:login-button</arg>
<doc>Click the element identified by ``locator``.</doc>
<msg timestamp="20220225 08:43:28.045" level="INFO">Clicking element 'id:login-button'.</msg>
<status status="PASS" starttime="20220225 08:43:28.045" endtime="20220225 08:43:28.316"/>
</kw>
<status status="PASS" starttime="20220225 08:43:28.045" endtime="20220225 08:43:28.316"/>
</kw>
<status status="PASS" starttime="20220225 08:43:27.935" endtime="20220225 08:43:28.317"/>
</kw>
<kw name="Wait Until Location Is" library="SeleniumLibrary">
<arg>${INVENTORY_PAGE}</arg>
<doc>Waits until the current URL is ``expected``.</doc>
<status status="PASS" starttime="20220225 08:43:28.317" endtime="20220225 08:43:28.324"/>
</kw>
<kw name="Set Product Sorter By Value" library="InventoryPage">
<arg>az</arg>
<doc>Select product sorter value based value</doc>
<kw name="Select From List By Value" library="SeleniumLibrary">
<arg>class:product_sort_container</arg>
<arg>${id}</arg>
<doc>Selects options from selection list ``locator`` by ``values``.</doc>
<msg timestamp="20220225 08:43:28.328" level="INFO">Selecting options from selection list 'class:product_sort_container' by value az.</msg>
<status status="PASS" starttime="20220225 08:43:28.327" endtime="20220225 08:43:28.354"/>
</kw>
<status status="PASS" starttime="20220225 08:43:28.325" endtime="20220225 08:43:28.354"/>
</kw>
<kw name="Click Element" library="SeleniumLibrary">
<arg>//div[@class='inventory_item'][3]//div[@class='inventory_item_name']</arg>
<doc>Click the element identified by ``locator``.</doc>
<msg timestamp="20220225 08:43:28.355" level="INFO">Clicking element '//div[@class='inventory_item'][3]//div[@class='inventory_item_name']'.</msg>
<status status="PASS" starttime="20220225 08:43:28.355" endtime="20220225 08:43:28.585"/>
</kw>
<status status="PASS" starttime="20220225 08:43:21.591" endtime="20220225 08:43:28.585"/>
</kw>
<kw name="Inventory Item Detail Field Should Contain" library="InventoryItemPage">
<arg>${ITEM_DETAILS_NAME}</arg>
<arg>Sauce Labs Bolt T-Shirt</arg>
<doc>Validate Inventory item content</doc>
<kw name="Element Should Contain" library="SeleniumLibrary">
<arg>//*[contains(@class, '${field}')]</arg>
<arg>${value}</arg>
<doc>Verifies that element ``locator`` contains text ``expected``.</doc>
<msg timestamp="20220225 08:43:28.593" level="INFO">Element '//*[contains(@class, 'inventory_details_name')]' contains text 'Sauce Labs Bolt T-Shirt'.</msg>
<status status="PASS" starttime="20220225 08:43:28.585" endtime="20220225 08:43:28.593"/>
</kw>
<status status="PASS" starttime="20220225 08:43:28.585" endtime="20220225 08:43:28.593"/>
</kw>
<kw name="Inventory Item Detail Field Should Contain" library="InventoryItemPage">
<arg>${ITEM_DETAILS_PRICE}</arg>
<arg>$15.99</arg>
<doc>Validate Inventory item content</doc>
<kw name="Element Should Contain" library="SeleniumLibrary">
<arg>//*[contains(@class, '${field}')]</arg>
<arg>${value}</arg>
<doc>Verifies that element ``locator`` contains text ``expected``.</doc>
<msg timestamp="20220225 08:43:28.605" level="INFO">Element '//*[contains(@class, 'inventory_details_price')]' contains text '$15.99'.</msg>
<status status="PASS" starttime="20220225 08:43:28.593" endtime="20220225 08:43:28.605"/>
</kw>
<status status="PASS" starttime="20220225 08:43:28.593" endtime="20220225 08:43:28.605"/>
</kw>
<kw name="Inventory Item Detail Field Should Contain" library="InventoryItemPage">
<arg>${ITEM_DETAILS_DESC}</arg>
<arg>Get your testing superhero on with the Sauce Labs bolt T-shirt. From American Apparel, 100% ringspun combed cotton, heather gray with red bolt</arg>
<doc>Validate Inventory item content</doc>
<kw name="Element Should Contain" library="SeleniumLibrary">
<arg>//*[contains(@class, '${field}')]</arg>
<arg>${value}</arg>
<doc>Verifies that element ``locator`` contains text ``expected``.</doc>
<msg timestamp="20220225 08:43:28.615" level="INFO">Element '//*[contains(@class, 'inventory_details_desc')]' contains text 'Get your testing superhero on with the Sauce Labs bolt T-shirt. From American Apparel, 100% ringspun combed cotton, heather gray with red bolt'.</msg>
<status status="PASS" starttime="20220225 08:43:28.605" endtime="20220225 08:43:28.615"/>
</kw>
<status status="PASS" starttime="20220225 08:43:28.605" endtime="20220225 08:43:28.615"/>
</kw>
<kw name="Inventory Item Detail Field Should Contain" library="InventoryItemPage">
<arg>${ITEM_DETAILS_BTN}</arg>
<arg>ADD TO CART</arg>
<doc>Validate Inventory item content</doc>
<kw name="Element Should Contain" library="SeleniumLibrary">
<arg>//*[contains(@class, '${field}')]</arg>
<arg>${value}</arg>
<doc>Verifies that element ``locator`` contains text ``expected``.</doc>
<msg timestamp="20220225 08:43:28.623" level="INFO">Element '//*[contains(@class, 'btn_inventory')]' contains text 'ADD TO CART'.</msg>
<status status="PASS" starttime="20220225 08:43:28.615" endtime="20220225 08:43:28.623"/>
</kw>
<status status="PASS" starttime="20220225 08:43:28.615" endtime="20220225 08:43:28.623"/>
</kw>
<kw name="Close All Browsers" library="SeleniumLibrary" type="TEARDOWN">
<doc>Closes all open browsers and resets the browser cache.</doc>
<status status="PASS" starttime="20220225 08:43:28.623" endtime="20220225 08:43:32.539"/>
</kw>
<tag>inventory item view</tag>
<status status="PASS" starttime="20220225 08:43:21.591" endtime="20220225 08:43:32.539"/>
</test>
<test id="s1-s1-t2" name="Open Inventory View">
<kw name="Inventory Item View Setup" type="SETUP">
<doc>Setup for Inventory Item test cases</doc>
<kw name="Open Browser" library="SeleniumLibrary">
<arg>${LOGIN_PAGE}</arg>
<arg>${DEFAULT_BROWSER}</arg>
<doc>Opens a new browser instance to the optional ``url``.</doc>
<msg timestamp="20220225 08:43:32.539" level="INFO">Opening browser 'firefox' to base url 'https://www.saucedemo.com/'.</msg>
<msg timestamp="20220225 08:43:32.539" level="INFO">Firefox driver log is always forced to to: C:\Users\jvaisanen\Documents\robotframework\SeleniumLibraryExample\pabot_results\3\geckodriver-2.log</msg>
<status status="PASS" starttime="20220225 08:43:32.539" endtime="20220225 08:43:39.062"/>
</kw>
<kw name="Login With Default User" library="LoginPage">
<doc>Use default username to login</doc>
<kw name="Input Username And Password" library="LoginPage">
<arg>${DEFAULT_USER}</arg>
<arg>${DEFAULT_PASS}</arg>
<doc>Used to fill username and password fields</doc>
<kw name="Input Text" library="SeleniumLibrary">
<arg>id:user-name</arg>
<arg>${username}</arg>
<arg>True</arg>
<doc>Types the given ``text`` into the text field identified by ``locator``.</doc>
<msg timestamp="20220225 08:43:39.062" level="INFO">Typing text 'standard_user' into text field 'id:user-name'.</msg>
<status status="PASS" starttime="20220225 08:43:39.062" endtime="20220225 08:43:39.116"/>
</kw>
<kw name="Input Text" library="SeleniumLibrary">
<arg>id:password</arg>
<arg>${password}</arg>
<arg>True</arg>
<doc>Types the given ``text`` into the text field identified by ``locator``.</doc>
<msg timestamp="20220225 08:43:39.116" level="INFO">Typing text 'secret_sauce' into text field 'id:password'.</msg>
<status status="PASS" starttime="20220225 08:43:39.116" endtime="20220225 08:43:39.131"/>
</kw>
<status status="PASS" starttime="20220225 08:43:39.062" endtime="20220225 08:43:39.131"/>
</kw>
<kw name="Click Login Button" library="LoginPage">
<doc>Used to click login button</doc>
<kw name="Click Element" library="SeleniumLibrary">
<arg>id:login-button</arg>
<doc>Click the element identified by ``locator``.</doc>
<msg timestamp="20220225 08:43:39.131" level="INFO">Clicking element 'id:login-button'.</msg>
<status status="PASS" starttime="20220225 08:43:39.131" endtime="20220225 08:43:39.432"/>
</kw>
<status status="PASS" starttime="20220225 08:43:39.131" endtime="20220225 08:43:39.432"/>
</kw>
<status status="PASS" starttime="20220225 08:43:39.062" endtime="20220225 08:43:39.432"/>
</kw>
<kw name="Wait Until Location Is" library="SeleniumLibrary">
<arg>${INVENTORY_PAGE}</arg>
<doc>Waits until the current URL is ``expected``.</doc>
<status status="PASS" starttime="20220225 08:43:39.432" endtime="20220225 08:43:39.432"/>
</kw>
<kw name="Set Product Sorter By Value" library="InventoryPage">
<arg>az</arg>
<doc>Select product sorter value based value</doc>
<kw name="Select From List By Value" library="SeleniumLibrary">
<arg>class:product_sort_container</arg>
<arg>${id}</arg>
<doc>Selects options from selection list ``locator`` by ``values``.</doc>
<msg timestamp="20220225 08:43:39.432" level="INFO">Selecting options from selection list 'class:product_sort_container' by value az.</msg>
<status status="PASS" starttime="20220225 08:43:39.432" endtime="20220225 08:43:39.448"/>
</kw>
<status status="PASS" starttime="20220225 08:43:39.432" endtime="20220225 08:43:39.448"/>
</kw>
<kw name="Click Element" library="SeleniumLibrary">
<arg>//div[@class='inventory_item'][3]//div[@class='inventory_item_name']</arg>
<doc>Click the element identified by ``locator``.</doc>
<msg timestamp="20220225 08:43:39.448" level="INFO">Clicking element '//div[@class='inventory_item'][3]//div[@class='inventory_item_name']'.</msg>
<status status="PASS" starttime="20220225 08:43:39.448" endtime="20220225 08:43:39.695"/>
</kw>
<status status="PASS" starttime="20220225 08:43:32.539" endtime="20220225 08:43:39.695"/>
</kw>
<kw name="Click Element" library="SeleniumLibrary">
<arg>id:back-to-products</arg>
<doc>Click the element identified by ``locator``.</doc>
<msg timestamp="20220225 08:43:39.695" level="INFO">Clicking element 'id:back-to-products'.</msg>
<status status="PASS" starttime="20220225 08:43:39.695" endtime="20220225 08:43:39.918"/>
</kw>
<kw name="Wait Until Location Is" library="SeleniumLibrary">
<arg>https://www.saucedemo.com/inventory.html</arg>
<doc>Waits until the current URL is ``expected``.</doc>
<status status="PASS" starttime="20220225 08:43:39.918" endtime="20220225 08:43:39.918"/>
</kw>
<kw name="Close All Browsers" library="SeleniumLibrary" type="TEARDOWN">
<doc>Closes all open browsers and resets the browser cache.</doc>
<status status="PASS" starttime="20220225 08:43:39.918" endtime="20220225 08:43:41.634"/>
</kw>
<tag>inventory item view</tag>
<status status="PASS" starttime="20220225 08:43:32.539" endtime="20220225 08:43:41.634"/>
</test>
<test id="s1-s1-t3" name="Validate Button Update After Pressing It">
<kw name="Inventory Item View Setup" type="SETUP">
<doc>Setup for Inventory Item test cases</doc>
<kw name="Open Browser" library="SeleniumLibrary">
<arg>${LOGIN_PAGE}</arg>
<arg>${DEFAULT_BROWSER}</arg>
<doc>Opens a new browser instance to the optional ``url``.</doc>
<msg timestamp="20220225 08:43:41.634" level="INFO">Opening browser 'firefox' to base url 'https://www.saucedemo.com/'.</msg>
<msg timestamp="20220225 08:43:41.634" level="INFO">Firefox driver log is always forced to to: C:\Users\jvaisanen\Documents\robotframework\SeleniumLibraryExample\pabot_results\3\geckodriver-3.log</msg>
<status status="PASS" starttime="20220225 08:43:41.634" endtime="20220225 08:43:48.168"/>
</kw>
<kw name="Login With Default User" library="LoginPage">
<doc>Use default username to login</doc>
<kw name="Input Username And Password" library="LoginPage">
<arg>${DEFAULT_USER}</arg>
<arg>${DEFAULT_PASS}</arg>
<doc>Used to fill username and password fields</doc>
<kw name="Input Text" library="SeleniumLibrary">
<arg>id:user-name</arg>
<arg>${username}</arg>
<arg>True</arg>
<doc>Types the given ``text`` into the text field identified by ``locator``.</doc>
<msg timestamp="20220225 08:43:48.168" level="INFO">Typing text 'standard_user' into text field 'id:user-name'.</msg>
<status status="PASS" starttime="20220225 08:43:48.168" endtime="20220225 08:43:48.215"/>
</kw>
<kw name="Input Text" library="SeleniumLibrary">
<arg>id:password</arg>
<arg>${password}</arg>
<arg>True</arg>
<doc>Types the given ``text`` into the text field identified by ``locator``.</doc>
<msg timestamp="20220225 08:43:48.215" level="INFO">Typing text 'secret_sauce' into text field 'id:password'.</msg>
<status status="PASS" starttime="20220225 08:43:48.215" endtime="20220225 08:43:48.237"/>
</kw>
<status status="PASS" starttime="20220225 08:43:48.168" endtime="20220225 08:43:48.237"/>
</kw>
<kw name="Click Login Button" library="LoginPage">
<doc>Used to click login button</doc>
<kw name="Click Element" library="SeleniumLibrary">
<arg>id:login-button</arg>
<doc>Click the element identified by ``locator``.</doc>
<msg timestamp="20220225 08:43:48.237" level="INFO">Clicking element 'id:login-button'.</msg>
<status status="PASS" starttime="20220225 08:43:48.237" endtime="20220225 08:43:48.500"/>
</kw>
<status status="PASS" starttime="20220225 08:43:48.237" endtime="20220225 08:43:48.500"/>
</kw>
<status status="PASS" starttime="20220225 08:43:48.168" endtime="20220225 08:43:48.500"/>
</kw>
<kw name="Wait Until Location Is" library="SeleniumLibrary">
<arg>${INVENTORY_PAGE}</arg>
<doc>Waits until the current URL is ``expected``.</doc>
<status status="PASS" starttime="20220225 08:43:48.500" endtime="20220225 08:43:48.500"/>
</kw>
<kw name="Set Product Sorter By Value" library="InventoryPage">
<arg>az</arg>
<doc>Select product sorter value based value</doc>
<kw name="Select From List By Value" library="SeleniumLibrary">
<arg>class:product_sort_container</arg>
<arg>${id}</arg>
<doc>Selects options from selection list ``locator`` by ``values``.</doc>
<msg timestamp="20220225 08:43:48.500" level="INFO">Selecting options from selection list 'class:product_sort_container' by value az.</msg>
<status status="PASS" starttime="20220225 08:43:48.500" endtime="20220225 08:43:48.516"/>
</kw>
<status status="PASS" starttime="20220225 08:43:48.500" endtime="20220225 08:43:48.516"/>
</kw>
<kw name="Click Element" library="SeleniumLibrary">
<arg>//div[@class='inventory_item'][3]//div[@class='inventory_item_name']</arg>
<doc>Click the element identified by ``locator``.</doc>
<msg timestamp="20220225 08:43:48.516" level="INFO">Clicking element '//div[@class='inventory_item'][3]//div[@class='inventory_item_name']'.</msg>
<status status="PASS" starttime="20220225 08:43:48.516" endtime="20220225 08:43:48.754"/>
</kw>
<status status="PASS" starttime="20220225 08:43:41.634" endtime="20220225 08:43:48.754"/>
</kw>
<kw name="Inventory Item Detail Field Should Contain" library="InventoryItemPage">
<arg>${ITEM_BTN}</arg>
<arg>ADD TO CART</arg>
<doc>Validate Inventory item content</doc>
<kw name="Element Should Contain" library="SeleniumLibrary">
<arg>//*[contains(@class, '${field}')]</arg>
<arg>${value}</arg>
<doc>Verifies that element ``locator`` contains text ``expected``.</doc>
<msg timestamp="20220225 08:43:48.754" level="INFO">Element '//*[contains(@class, 'btn_inventory')]' contains text 'ADD TO CART'.</msg>
<status status="PASS" starttime="20220225 08:43:48.754" endtime="20220225 08:43:48.754"/>
</kw>
<status status="PASS" starttime="20220225 08:43:48.754" endtime="20220225 08:43:48.754"/>
</kw>
<kw name="Click Inventory Detail Field" library="InventoryItemPage">
<arg>${ITEM_DETAILS_BTN}</arg>
<doc>Validate Inventory item content</doc>
<kw name="Click Element" library="SeleniumLibrary">
<arg>//*[contains(@class, '${field}')]</arg>
<doc>Click the element identified by ``locator``.</doc>
<msg timestamp="20220225 08:43:48.754" level="INFO">Clicking element '//*[contains(@class, 'btn_inventory')]'.</msg>
<status status="PASS" starttime="20220225 08:43:48.754" endtime="20220225 08:43:48.986"/>
</kw>
<status status="PASS" starttime="20220225 08:43:48.754" endtime="20220225 08:43:48.986"/>
</kw>
<kw name="Inventory Item Detail Field Should Contain" library="InventoryItemPage">
<arg>${ITEM_BTN}</arg>
<arg>REMOVE</arg>
<doc>Validate Inventory item content</doc>
<kw name="Element Should Contain" library="SeleniumLibrary">
<arg>//*[contains(@class, '${field}')]</arg>
<arg>${value}</arg>
<doc>Verifies that element ``locator`` contains text ``expected``.</doc>
<msg timestamp="20220225 08:43:48.986" level="INFO">Element '//*[contains(@class, 'btn_inventory')]' contains text 'REMOVE'.</msg>
<status status="PASS" starttime="20220225 08:43:48.986" endtime="20220225 08:43:48.986"/>
</kw>
<status status="PASS" starttime="20220225 08:43:48.986" endtime="20220225 08:43:48.986"/>
</kw>
<kw name="Click Inventory Detail Field" library="InventoryItemPage">
<arg>${ITEM_DETAILS_BTN}</arg>
<doc>Validate Inventory item content</doc>
<kw name="Click Element" library="SeleniumLibrary">
<arg>//*[contains(@class, '${field}')]</arg>
<doc>Click the element identified by ``locator``.</doc>
<msg timestamp="20220225 08:43:48.986" level="INFO">Clicking element '//*[contains(@class, 'btn_inventory')]'.</msg>
<status status="PASS" starttime="20220225 08:43:48.986" endtime="20220225 08:43:49.218"/>
</kw>
<status status="PASS" starttime="20220225 08:43:48.986" endtime="20220225 08:43:49.218"/>
</kw>
<kw name="Inventory Item Detail Field Should Contain" library="InventoryItemPage">
<arg>${ITEM_BTN}</arg>
<arg>ADD TO CART</arg>
<doc>Validate Inventory item content</doc>
<kw name="Element Should Contain" library="SeleniumLibrary">
<arg>//*[contains(@class, '${field}')]</arg>
<arg>${value}</arg>
<doc>Verifies that element ``locator`` contains text ``expected``.</doc>
<msg timestamp="20220225 08:43:49.218" level="INFO">Element '//*[contains(@class, 'btn_inventory')]' contains text 'ADD TO CART'.</msg>
<status status="PASS" starttime="20220225 08:43:49.218" endtime="20220225 08:43:49.218"/>
</kw>
<status status="PASS" starttime="20220225 08:43:49.218" endtime="20220225 08:43:49.218"/>
</kw>
<kw name="Close All Browsers" library="SeleniumLibrary" type="TEARDOWN">
<doc>Closes all open browsers and resets the browser cache.</doc>
<status status="PASS" starttime="20220225 08:43:49.218" endtime="20220225 08:43:50.739"/>
</kw>
<tag>inventory item view</tag>
<status status="PASS" starttime="20220225 08:43:41.634" endtime="20220225 08:43:50.739"/>
</test>
<doc>Test cases for validating inventory item</doc>
<status status="PASS" starttime="20220225 08:43:21.428" endtime="20220225 08:43:50.739"/>
</suite>
<status status="PASS" starttime="20220225 08:43:21.406" endtime="20220225 08:43:50.739"/>
</suite>
<statistics>
<total>
<stat pass="3" fail="0" skip="0">All Tests</stat>
</total>
<tag>
<stat pass="3" fail="0" skip="0">inventory item view</stat>
</tag>
<suite>
<stat pass="3" fail="0" skip="0" id="s1" name="TestSuites">TestSuites</stat>
<stat pass="3" fail="0" skip="0" id="s1-s1" name="TS 004 Invetory item window">TestSuites.TS 004 Invetory item window</stat>
</suite>
</statistics>
<errors>
</errors>
</robot>
