<?xml version="1.0" encoding="UTF-8"?>
<robot generator="Robot 4.1.3 (Python 3.9.10 on win32)" generated="20220225 08:43:21.422" rpa="false" schemaversion="2">
<suite id="s1" name="TestSuites" source="C:\Users\jvaisanen\Documents\robotframework\SeleniumLibraryExample\TestSuites">
<suite id="s1-s1" name="TS 001 Login" source="C:\Users\jvaisanen\Documents\robotframework\SeleniumLibraryExample\TestSuites\TS_001_Login.robot">
<test id="s1-s1-t1" name="Validate Succesful User Login">
<kw name="Open Browser" library="SeleniumLibrary" type="SETUP">
<arg>${LOGIN_PAGE}</arg>
<arg>${DEFAULT_BROWSER}</arg>
<doc>Opens a new browser instance to the optional ``url``.</doc>
<msg timestamp="20220225 08:43:21.606" level="INFO">Opening browser 'firefox' to base url 'https://www.saucedemo.com/'.</msg>
<msg timestamp="20220225 08:43:21.606" level="INFO">Firefox driver log is always forced to to: C:\Users\jvaisanen\Documents\robotframework\SeleniumLibraryExample\pabot_results\0\geckodriver-1.log</msg>
<status status="PASS" starttime="20220225 08:43:21.606" endtime="20220225 08:43:28.423"/>
</kw>
<kw name="Input Username And Password" library="LoginPage">
<arg>standard_user</arg>
<arg>secret_sauce</arg>
<doc>Used to fill username and password fields</doc>
<kw name="Input Text" library="SeleniumLibrary">
<arg>id:user-name</arg>
<arg>${username}</arg>
<arg>True</arg>
<doc>Types the given ``text`` into the text field identified by ``locator``.</doc>
<msg timestamp="20220225 08:43:28.423" level="INFO">Typing text 'standard_user' into text field 'id:user-name'.</msg>
<status status="PASS" starttime="20220225 08:43:28.423" endtime="20220225 08:43:28.474"/>
</kw>
<kw name="Input Text" library="SeleniumLibrary">
<arg>id:password</arg>
<arg>${password}</arg>
<arg>True</arg>
<doc>Types the given ``text`` into the text field identified by ``locator``.</doc>
<msg timestamp="20220225 08:43:28.474" level="INFO">Typing text 'secret_sauce' into text field 'id:password'.</msg>
<status status="PASS" starttime="20220225 08:43:28.474" endtime="20220225 08:43:28.502"/>
</kw>
<status status="PASS" starttime="20220225 08:43:28.423" endtime="20220225 08:43:28.504"/>
</kw>
<kw name="Click Login Button" library="LoginPage">
<doc>Used to click login button</doc>
<kw name="Click Element" library="SeleniumLibrary">
<arg>id:login-button</arg>
<doc>Click the element identified by ``locator``.</doc>
<msg timestamp="20220225 08:43:28.504" level="INFO">Clicking element 'id:login-button'.</msg>
<status status="PASS" starttime="20220225 08:43:28.504" endtime="20220225 08:43:28.909"/>
</kw>
<status status="PASS" starttime="20220225 08:43:28.504" endtime="20220225 08:43:28.909"/>
</kw>
<kw name="Wait Until Location Is" library="SeleniumLibrary">
<arg>${INVENTORY_PAGE}</arg>
<doc>Waits until the current URL is ``expected``.</doc>
<status status="PASS" starttime="20220225 08:43:28.909" endtime="20220225 08:43:28.909"/>
</kw>
<kw name="Close All Browsers" library="SeleniumLibrary" type="TEARDOWN">
<doc>Closes all open browsers and resets the browser cache.</doc>
<status status="PASS" starttime="20220225 08:43:28.909" endtime="20220225 08:43:31.935"/>
</kw>
<tag>login</tag>
<status status="PASS" starttime="20220225 08:43:21.606" endtime="20220225 08:43:31.935"/>
</test>
<test id="s1-s1-t2" name="Validate With Upper Case Username">
<kw name="Open Browser" library="SeleniumLibrary" type="SETUP">
<arg>${LOGIN_PAGE}</arg>
<arg>${DEFAULT_BROWSER}</arg>
<doc>Opens a new browser instance to the optional ``url``.</doc>
<msg timestamp="20220225 08:43:31.935" level="INFO">Opening browser 'firefox' to base url 'https://www.saucedemo.com/'.</msg>
<msg timestamp="20220225 08:43:31.935" level="INFO">Firefox driver log is always forced to to: C:\Users\jvaisanen\Documents\robotframework\SeleniumLibraryExample\pabot_results\0\geckodriver-2.log</msg>
<status status="PASS" starttime="20220225 08:43:31.935" endtime="20220225 08:43:37.512"/>
</kw>
<kw name="Input Username And Password" library="LoginPage">
<arg>STANDARD_USER</arg>
<arg>secret_sauce</arg>
<doc>Used to fill username and password fields</doc>
<kw name="Input Text" library="SeleniumLibrary">
<arg>id:user-name</arg>
<arg>${username}</arg>
<arg>True</arg>
<doc>Types the given ``text`` into the text field identified by ``locator``.</doc>
<msg timestamp="20220225 08:43:37.512" level="INFO">Typing text 'STANDARD_USER' into text field 'id:user-name'.</msg>
<status status="PASS" starttime="20220225 08:43:37.512" endtime="20220225 08:43:37.575"/>
</kw>
<kw name="Input Text" library="SeleniumLibrary">
<arg>id:password</arg>
<arg>${password}</arg>
<arg>True</arg>
<doc>Types the given ``text`` into the text field identified by ``locator``.</doc>
<msg timestamp="20220225 08:43:37.575" level="INFO">Typing text 'secret_sauce' into text field 'id:password'.</msg>
<status status="PASS" starttime="20220225 08:43:37.575" endtime="20220225 08:43:37.628"/>
</kw>
<status status="PASS" starttime="20220225 08:43:37.512" endtime="20220225 08:43:37.628"/>
</kw>
<kw name="Click Login Button" library="LoginPage">
<doc>Used to click login button</doc>
<kw name="Click Element" library="SeleniumLibrary">
<arg>id:login-button</arg>
<doc>Click the element identified by ``locator``.</doc>
<msg timestamp="20220225 08:43:37.628" level="INFO">Clicking element 'id:login-button'.</msg>
<status status="PASS" starttime="20220225 08:43:37.628" endtime="20220225 08:43:37.862"/>
</kw>
<status status="PASS" starttime="20220225 08:43:37.628" endtime="20220225 08:43:37.862"/>
</kw>
<kw name="Validate Login Error Message Content" library="LoginPage">
<arg>Epic sadface: Username and password do not match any user in this service</arg>
<doc>Validate login error message content</doc>
<kw name="Wait Until Element Contains" library="SeleniumLibrary">
<arg>//h3[@data-test='error']</arg>
<arg>${content}</arg>
<doc>Waits until the element ``locator`` contains ``text``.</doc>
<status status="PASS" starttime="20220225 08:43:37.862" endtime="20220225 08:43:37.897"/>
</kw>
<status status="PASS" starttime="20220225 08:43:37.862" endtime="20220225 08:43:37.897"/>
</kw>
<kw name="Close All Browsers" library="SeleniumLibrary" type="TEARDOWN">
<doc>Closes all open browsers and resets the browser cache.</doc>
<status status="PASS" starttime="20220225 08:43:37.897" endtime="20220225 08:43:40.847"/>
</kw>
<tag>login</tag>
<status status="PASS" starttime="20220225 08:43:31.935" endtime="20220225 08:43:40.847"/>
</test>
<test id="s1-s1-t3" name="Validate With Upper Case Password">
<kw name="Open Browser" library="SeleniumLibrary" type="SETUP">
<arg>${LOGIN_PAGE}</arg>
<arg>${DEFAULT_BROWSER}</arg>
<doc>Opens a new browser instance to the optional ``url``.</doc>
<msg timestamp="20220225 08:43:40.847" level="INFO">Opening browser 'firefox' to base url 'https://www.saucedemo.com/'.</msg>
<msg timestamp="20220225 08:43:40.847" level="INFO">Firefox driver log is always forced to to: C:\Users\jvaisanen\Documents\robotframework\SeleniumLibraryExample\pabot_results\0\geckodriver-3.log</msg>
<status status="PASS" starttime="20220225 08:43:40.847" endtime="20220225 08:43:46.516"/>
</kw>
<kw name="Input Username And Password" library="LoginPage">
<arg>standard_user</arg>
<arg>SECRET_SAUCE</arg>
<doc>Used to fill username and password fields</doc>
<kw name="Input Text" library="SeleniumLibrary">
<arg>id:user-name</arg>
<arg>${username}</arg>
<arg>True</arg>
<doc>Types the given ``text`` into the text field identified by ``locator``.</doc>
<msg timestamp="20220225 08:43:46.516" level="INFO">Typing text 'standard_user' into text field 'id:user-name'.</msg>
<status status="PASS" starttime="20220225 08:43:46.516" endtime="20220225 08:43:46.585"/>
</kw>
<kw name="Input Text" library="SeleniumLibrary">
<arg>id:password</arg>
<arg>${password}</arg>
<arg>True</arg>
<doc>Types the given ``text`` into the text field identified by ``locator``.</doc>
<msg timestamp="20220225 08:43:46.585" level="INFO">Typing text 'SECRET_SAUCE' into text field 'id:password'.</msg>
<status status="PASS" starttime="20220225 08:43:46.585" endtime="20220225 08:43:46.622"/>
</kw>
<status status="PASS" starttime="20220225 08:43:46.516" endtime="20220225 08:43:46.622"/>
</kw>
<kw name="Click Login Button" library="LoginPage">
<doc>Used to click login button</doc>
<kw name="Click Element" library="SeleniumLibrary">
<arg>id:login-button</arg>
<doc>Click the element identified by ``locator``.</doc>
<msg timestamp="20220225 08:43:46.622" level="INFO">Clicking element 'id:login-button'.</msg>
<status status="PASS" starttime="20220225 08:43:46.622" endtime="20220225 08:43:46.869"/>
</kw>
<status status="PASS" starttime="20220225 08:43:46.622" endtime="20220225 08:43:46.869"/>
</kw>
<kw name="Validate Login Error Message Content" library="LoginPage">
<arg>Epic sadface: Username and password do not match any user in this service</arg>
<doc>Validate login error message content</doc>
<kw name="Wait Until Element Contains" library="SeleniumLibrary">
<arg>//h3[@data-test='error']</arg>
<arg>${content}</arg>
<doc>Waits until the element ``locator`` contains ``text``.</doc>
<status status="PASS" starttime="20220225 08:43:46.869" endtime="20220225 08:43:46.885"/>
</kw>
<status status="PASS" starttime="20220225 08:43:46.869" endtime="20220225 08:43:46.885"/>
</kw>
<kw name="Close All Browsers" library="SeleniumLibrary" type="TEARDOWN">
<doc>Closes all open browsers and resets the browser cache.</doc>
<status status="PASS" starttime="20220225 08:43:46.885" endtime="20220225 08:43:49.641"/>
</kw>
<tag>login</tag>
<status status="PASS" starttime="20220225 08:43:40.847" endtime="20220225 08:43:49.641"/>
</test>
<test id="s1-s1-t4" name="Validate Locked User Login">
<kw name="Open Browser" library="SeleniumLibrary" type="SETUP">
<arg>${LOGIN_PAGE}</arg>
<arg>${DEFAULT_BROWSER}</arg>
<doc>Opens a new browser instance to the optional ``url``.</doc>
<msg timestamp="20220225 08:43:49.641" level="INFO">Opening browser 'firefox' to base url 'https://www.saucedemo.com/'.</msg>
<msg timestamp="20220225 08:43:49.641" level="INFO">Firefox driver log is always forced to to: C:\Users\jvaisanen\Documents\robotframework\SeleniumLibraryExample\pabot_results\0\geckodriver-4.log</msg>
<status status="PASS" starttime="20220225 08:43:49.641" endtime="20220225 08:43:55.222"/>
</kw>
<kw name="Input Username And Password" library="LoginPage">
<arg>locked_out_user</arg>
<arg>secret_sauce</arg>
<doc>Used to fill username and password fields</doc>
<kw name="Input Text" library="SeleniumLibrary">
<arg>id:user-name</arg>
<arg>${username}</arg>
<arg>True</arg>
<doc>Types the given ``text`` into the text field identified by ``locator``.</doc>
<msg timestamp="20220225 08:43:55.238" level="INFO">Typing text 'locked_out_user' into text field 'id:user-name'.</msg>
<status status="PASS" starttime="20220225 08:43:55.222" endtime="20220225 08:43:55.274"/>
</kw>
<kw name="Input Text" library="SeleniumLibrary">
<arg>id:password</arg>
<arg>${password}</arg>
<arg>True</arg>
<doc>Types the given ``text`` into the text field identified by ``locator``.</doc>
<msg timestamp="20220225 08:43:55.274" level="INFO">Typing text 'secret_sauce' into text field 'id:password'.</msg>
<status status="PASS" starttime="20220225 08:43:55.274" endtime="20220225 08:43:55.290"/>
</kw>
<status status="PASS" starttime="20220225 08:43:55.222" endtime="20220225 08:43:55.290"/>
</kw>
<kw name="Click Login Button" library="LoginPage">
<doc>Used to click login button</doc>
<kw name="Click Element" library="SeleniumLibrary">
<arg>id:login-button</arg>
<doc>Click the element identified by ``locator``.</doc>
<msg timestamp="20220225 08:43:55.290" level="INFO">Clicking element 'id:login-button'.</msg>
<status status="PASS" starttime="20220225 08:43:55.290" endtime="20220225 08:43:55.545"/>
</kw>
<status status="PASS" starttime="20220225 08:43:55.290" endtime="20220225 08:43:55.546"/>
</kw>
<kw name="Validate Login Error Message Content" library="LoginPage">
<arg>Epic sadface: Sorry, this user has been locked out.</arg>
<doc>Validate login error message content</doc>
<kw name="Wait Until Element Contains" library="SeleniumLibrary">
<arg>//h3[@data-test='error']</arg>
<arg>${content}</arg>
<doc>Waits until the element ``locator`` contains ``text``.</doc>
<status status="PASS" starttime="20220225 08:43:55.547" endtime="20220225 08:43:55.569"/>
</kw>
<status status="PASS" starttime="20220225 08:43:55.546" endtime="20220225 08:43:55.569"/>
</kw>
<kw name="Close All Browsers" library="SeleniumLibrary" type="TEARDOWN">
<doc>Closes all open browsers and resets the browser cache.</doc>
<status status="PASS" starttime="20220225 08:43:55.569" endtime="20220225 08:43:57.808"/>
</kw>
<tag>login</tag>
<status status="PASS" starttime="20220225 08:43:49.641" endtime="20220225 08:43:57.808"/>
</test>
<test id="s1-s1-t5" name="Validate Invalid Password Login">
<kw name="Open Browser" library="SeleniumLibrary" type="SETUP">
<arg>${LOGIN_PAGE}</arg>
<arg>${DEFAULT_BROWSER}</arg>
<doc>Opens a new browser instance to the optional ``url``.</doc>
<msg timestamp="20220225 08:43:57.808" level="INFO">Opening browser 'firefox' to base url 'https://www.saucedemo.com/'.</msg>
<msg timestamp="20220225 08:43:57.808" level="INFO">Firefox driver log is always forced to to: C:\Users\jvaisanen\Documents\robotframework\SeleniumLibraryExample\pabot_results\0\geckodriver-5.log</msg>
<status status="PASS" starttime="20220225 08:43:57.808" endtime="20220225 08:44:03.359"/>
</kw>
<kw name="Input Username And Password" library="LoginPage">
<arg>locked_out_user</arg>
<arg>wrong_password</arg>
<doc>Used to fill username and password fields</doc>
<kw name="Input Text" library="SeleniumLibrary">
<arg>id:user-name</arg>
<arg>${username}</arg>
<arg>True</arg>
<doc>Types the given ``text`` into the text field identified by ``locator``.</doc>
<msg timestamp="20220225 08:44:03.359" level="INFO">Typing text 'locked_out_user' into text field 'id:user-name'.</msg>
<status status="PASS" starttime="20220225 08:44:03.359" endtime="20220225 08:44:03.399"/>
</kw>
<kw name="Input Text" library="SeleniumLibrary">
<arg>id:password</arg>
<arg>${password}</arg>
<arg>True</arg>
<doc>Types the given ``text`` into the text field identified by ``locator``.</doc>
<msg timestamp="20220225 08:44:03.399" level="INFO">Typing text 'wrong_password' into text field 'id:password'.</msg>
<status status="PASS" starttime="20220225 08:44:03.399" endtime="20220225 08:44:03.419"/>
</kw>
<status status="PASS" starttime="20220225 08:44:03.359" endtime="20220225 08:44:03.419"/>
</kw>
<kw name="Click Login Button" library="LoginPage">
<doc>Used to click login button</doc>
<kw name="Click Element" library="SeleniumLibrary">
<arg>id:login-button</arg>
<doc>Click the element identified by ``locator``.</doc>
<msg timestamp="20220225 08:44:03.419" level="INFO">Clicking element 'id:login-button'.</msg>
<status status="PASS" starttime="20220225 08:44:03.419" endtime="20220225 08:44:03.659"/>
</kw>
<status status="PASS" starttime="20220225 08:44:03.419" endtime="20220225 08:44:03.659"/>
</kw>
<kw name="Validate Login Error Message Content" library="LoginPage">
<arg>Epic sadface: Username and password do not match any user in this service</arg>
<doc>Validate login error message content</doc>
<kw name="Wait Until Element Contains" library="SeleniumLibrary">
<arg>//h3[@data-test='error']</arg>
<arg>${content}</arg>
<doc>Waits until the element ``locator`` contains ``text``.</doc>
<status status="PASS" starttime="20220225 08:44:03.661" endtime="20220225 08:44:03.671"/>
</kw>
<status status="PASS" starttime="20220225 08:44:03.659" endtime="20220225 08:44:03.671"/>
</kw>
<kw name="Close All Browsers" library="SeleniumLibrary" type="TEARDOWN">
<doc>Closes all open browsers and resets the browser cache.</doc>
<status status="PASS" starttime="20220225 08:44:03.671" endtime="20220225 08:44:04.207"/>
</kw>
<tag>login</tag>
<status status="PASS" starttime="20220225 08:43:57.808" endtime="20220225 08:44:04.207"/>
</test>
<test id="s1-s1-t6" name="Validate Empty Username Login">
<kw name="Open Browser" library="SeleniumLibrary" type="SETUP">
<arg>${LOGIN_PAGE}</arg>
<arg>${DEFAULT_BROWSER}</arg>
<doc>Opens a new browser instance to the optional ``url``.</doc>
<msg timestamp="20220225 08:44:04.207" level="INFO">Opening browser 'firefox' to base url 'https://www.saucedemo.com/'.</msg>
<msg timestamp="20220225 08:44:04.207" level="INFO">Firefox driver log is always forced to to: C:\Users\jvaisanen\Documents\robotframework\SeleniumLibraryExample\pabot_results\0\geckodriver-6.log</msg>
<status status="PASS" starttime="20220225 08:44:04.207" endtime="20220225 08:44:09.843"/>
</kw>
<kw name="Input Username And Password" library="LoginPage">
<arg>${EMPTY}</arg>
<arg>wrong_password</arg>
<doc>Used to fill username and password fields</doc>
<kw name="Input Text" library="SeleniumLibrary">
<arg>id:user-name</arg>
<arg>${username}</arg>
<arg>True</arg>
<doc>Types the given ``text`` into the text field identified by ``locator``.</doc>
<msg timestamp="20220225 08:44:09.845" level="INFO">Typing text '' into text field 'id:user-name'.</msg>
<status status="PASS" starttime="20220225 08:44:09.845" endtime="20220225 08:44:09.866"/>
</kw>
<kw name="Input Text" library="SeleniumLibrary">
<arg>id:password</arg>
<arg>${password}</arg>
<arg>True</arg>
<doc>Types the given ``text`` into the text field identified by ``locator``.</doc>
<msg timestamp="20220225 08:44:09.866" level="INFO">Typing text 'wrong_password' into text field 'id:password'.</msg>
<status status="PASS" starttime="20220225 08:44:09.866" endtime="20220225 08:44:09.894"/>
</kw>
<status status="PASS" starttime="20220225 08:44:09.843" endtime="20220225 08:44:09.894"/>
</kw>
<kw name="Click Login Button" library="LoginPage">
<doc>Used to click login button</doc>
<kw name="Click Element" library="SeleniumLibrary">
<arg>id:login-button</arg>
<doc>Click the element identified by ``locator``.</doc>
<msg timestamp="20220225 08:44:09.896" level="INFO">Clicking element 'id:login-button'.</msg>
<status status="PASS" starttime="20220225 08:44:09.896" endtime="20220225 08:44:10.123"/>
</kw>
<status status="PASS" starttime="20220225 08:44:09.896" endtime="20220225 08:44:10.123"/>
</kw>
<kw name="Validate Login Error Message Content" library="LoginPage">
<arg>Epic sadface: Username is required</arg>
<doc>Validate login error message content</doc>
<kw name="Wait Until Element Contains" library="SeleniumLibrary">
<arg>//h3[@data-test='error']</arg>
<arg>${content}</arg>
<doc>Waits until the element ``locator`` contains ``text``.</doc>
<status status="PASS" starttime="20220225 08:44:10.123" endtime="20220225 08:44:10.139"/>
</kw>
<status status="PASS" starttime="20220225 08:44:10.123" endtime="20220225 08:44:10.139"/>
</kw>
<kw name="Close All Browsers" library="SeleniumLibrary" type="TEARDOWN">
<doc>Closes all open browsers and resets the browser cache.</doc>
<status status="PASS" starttime="20220225 08:44:10.139" endtime="20220225 08:44:10.679"/>
</kw>
<tag>login</tag>
<status status="PASS" starttime="20220225 08:44:04.207" endtime="20220225 08:44:10.679"/>
</test>
<test id="s1-s1-t7" name="Validate Empty password Login">
<kw name="Open Browser" library="SeleniumLibrary" type="SETUP">
<arg>${LOGIN_PAGE}</arg>
<arg>${DEFAULT_BROWSER}</arg>
<doc>Opens a new browser instance to the optional ``url``.</doc>
<msg timestamp="20220225 08:44:10.679" level="INFO">Opening browser 'firefox' to base url 'https://www.saucedemo.com/'.</msg>
<msg timestamp="20220225 08:44:10.679" level="INFO">Firefox driver log is always forced to to: C:\Users\jvaisanen\Documents\robotframework\SeleniumLibraryExample\pabot_results\0\geckodriver-7.log</msg>
<status status="PASS" starttime="20220225 08:44:10.679" endtime="20220225 08:44:16.155"/>
</kw>
<kw name="Input Username And Password" library="LoginPage">
<arg>standard_user</arg>
<arg>${EMPTY}</arg>
<doc>Used to fill username and password fields</doc>
<kw name="Input Text" library="SeleniumLibrary">
<arg>id:user-name</arg>
<arg>${username}</arg>
<arg>True</arg>
<doc>Types the given ``text`` into the text field identified by ``locator``.</doc>
<msg timestamp="20220225 08:44:16.155" level="INFO">Typing text 'standard_user' into text field 'id:user-name'.</msg>
<status status="PASS" starttime="20220225 08:44:16.155" endtime="20220225 08:44:16.189"/>
</kw>
<kw name="Input Text" library="SeleniumLibrary">
<arg>id:password</arg>
<arg>${password}</arg>
<arg>True</arg>
<doc>Types the given ``text`` into the text field identified by ``locator``.</doc>
<msg timestamp="20220225 08:44:16.205" level="INFO">Typing text '' into text field 'id:password'.</msg>
<status status="PASS" starttime="20220225 08:44:16.189" endtime="20220225 08:44:16.221"/>
</kw>
<status status="PASS" starttime="20220225 08:44:16.155" endtime="20220225 08:44:16.221"/>
</kw>
<kw name="Click Login Button" library="LoginPage">
<doc>Used to click login button</doc>
<kw name="Click Element" library="SeleniumLibrary">
<arg>id:login-button</arg>
<doc>Click the element identified by ``locator``.</doc>
<msg timestamp="20220225 08:44:16.222" level="INFO">Clicking element 'id:login-button'.</msg>
<status status="PASS" starttime="20220225 08:44:16.222" endtime="20220225 08:44:16.435"/>
</kw>
<status status="PASS" starttime="20220225 08:44:16.221" endtime="20220225 08:44:16.435"/>
</kw>
<kw name="Validate Login Error Message Content" library="LoginPage">
<arg>Epic sadface: Password is required</arg>
<doc>Validate login error message content</doc>
<kw name="Wait Until Element Contains" library="SeleniumLibrary">
<arg>//h3[@data-test='error']</arg>
<arg>${content}</arg>
<doc>Waits until the element ``locator`` contains ``text``.</doc>
<status status="PASS" starttime="20220225 08:44:16.435" endtime="20220225 08:44:16.458"/>
</kw>
<status status="PASS" starttime="20220225 08:44:16.435" endtime="20220225 08:44:16.458"/>
</kw>
<kw name="Close All Browsers" library="SeleniumLibrary" type="TEARDOWN">
<doc>Closes all open browsers and resets the browser cache.</doc>
<status status="PASS" starttime="20220225 08:44:16.458" endtime="20220225 08:44:16.926"/>
</kw>
<tag>login</tag>
<status status="PASS" starttime="20220225 08:44:10.679" endtime="20220225 08:44:16.926"/>
</test>
<doc>Test cases for validating login with different credentials</doc>
<status status="PASS" starttime="20220225 08:43:21.444" endtime="20220225 08:44:16.926"/>
</suite>
<status status="PASS" starttime="20220225 08:43:21.428" endtime="20220225 08:44:16.926"/>
</suite>
<statistics>
<total>
<stat pass="7" fail="0" skip="0">All Tests</stat>
</total>
<tag>
<stat pass="7" fail="0" skip="0">login</stat>
</tag>
<suite>
<stat pass="7" fail="0" skip="0" id="s1" name="TestSuites">TestSuites</stat>
<stat pass="7" fail="0" skip="0" id="s1-s1" name="TS 001 Login">TestSuites.TS 001 Login</stat>
</suite>
</statistics>
<errors>
</errors>
</robot>
